{"/Users/majakosarzecka/Desktop/bazy/bazy_danych_projekt/backend/menu-service/src/app.js": {"path":"/Users/majakosarzecka/Desktop/bazy/bazy_danych_projekt/backend/menu-service/src/app.js","statementMap":{"0":{"start":{"line":1,"column":16},"end":{"line":1,"column":34}},"1":{"start":{"line":2,"column":13},"end":{"line":2,"column":28}},"2":{"start":{"line":3,"column":15},"end":{"line":3,"column":32}},"3":{"start":{"line":4,"column":21},"end":{"line":4,"column":58}},"4":{"start":{"line":5,"column":18},"end":{"line":5,"column":47}},"5":{"start":{"line":6,"column":15},"end":{"line":6,"column":34}},"6":{"start":{"line":8,"column":12},"end":{"line":8,"column":21}},"7":{"start":{"line":10,"column":0},"end":{"line":10,"column":18}},"8":{"start":{"line":11,"column":0},"end":{"line":11,"column":16}},"9":{"start":{"line":12,"column":0},"end":{"line":12,"column":24}},"10":{"start":{"line":14,"column":16},"end":{"line":17,"column":2}},"11":{"start":{"line":18,"column":0},"end":{"line":18,"column":17}},"12":{"start":{"line":20,"column":0},"end":{"line":20,"column":27}},"13":{"start":{"line":22,"column":0},"end":{"line":24,"column":3}},"14":{"start":{"line":23,"column":2},"end":{"line":23,"column":41}},"15":{"start":{"line":26,"column":0},"end":{"line":30,"column":3}},"16":{"start":{"line":27,"column":16},"end":{"line":27,"column":64}},"17":{"start":{"line":28,"column":2},"end":{"line":28,"column":25}},"18":{"start":{"line":29,"column":2},"end":{"line":29,"column":14}},"19":{"start":{"line":32,"column":0},"end":{"line":32,"column":22}},"20":{"start":{"line":34,"column":0},"end":{"line":34,"column":21}}},"fnMap":{"0":{"name":"(anonymous_0)","decl":{"start":{"line":22,"column":19},"end":{"line":22,"column":20}},"loc":{"start":{"line":22,"column":33},"end":{"line":24,"column":1}},"line":22},"1":{"name":"(anonymous_1)","decl":{"start":{"line":26,"column":8},"end":{"line":26,"column":9}},"loc":{"start":{"line":26,"column":28},"end":{"line":30,"column":1}},"line":26}},"branchMap":{},"s":{"0":1,"1":1,"2":1,"3":1,"4":1,"5":1,"6":1,"7":1,"8":1,"9":1,"10":1,"11":1,"12":1,"13":1,"14":0,"15":1,"16":0,"17":0,"18":0,"19":1,"20":1},"f":{"0":0,"1":0},"b":{},"_coverageSchema":"1a1c01bbd47fc00a2c39e90264f33305004495a9","hash":"5c773f02120eba598eceba3fd7a5e14cd3f4a2b3"}
,"/Users/majakosarzecka/Desktop/bazy/bazy_danych_projekt/backend/menu-service/src/controllers/categoryController.js": {"path":"/Users/majakosarzecka/Desktop/bazy/bazy_danych_projekt/backend/menu-service/src/controllers/categoryController.js","statementMap":{"0":{"start":{"line":1,"column":17},"end":{"line":1,"column":56}},"1":{"start":{"line":3,"column":0},"end":{"line":17,"column":2}},"2":{"start":{"line":4,"column":2},"end":{"line":16,"column":3}},"3":{"start":{"line":5,"column":23},"end":{"line":7,"column":6}},"4":{"start":{"line":9,"column":4},"end":{"line":13,"column":7}},"5":{"start":{"line":15,"column":4},"end":{"line":15,"column":16}},"6":{"start":{"line":19,"column":0},"end":{"line":36,"column":2}},"7":{"start":{"line":20,"column":2},"end":{"line":35,"column":3}},"8":{"start":{"line":21,"column":21},"end":{"line":21,"column":59}},"9":{"start":{"line":23,"column":4},"end":{"line":27,"column":5}},"10":{"start":{"line":24,"column":20},"end":{"line":24,"column":70}},"11":{"start":{"line":25,"column":6},"end":{"line":25,"column":29}},"12":{"start":{"line":26,"column":6},"end":{"line":26,"column":25}},"13":{"start":{"line":29,"column":4},"end":{"line":32,"column":7}},"14":{"start":{"line":34,"column":4},"end":{"line":34,"column":16}}},"fnMap":{"0":{"name":"(anonymous_0)","decl":{"start":{"line":3,"column":27},"end":{"line":3,"column":28}},"loc":{"start":{"line":3,"column":53},"end":{"line":17,"column":1}},"line":3},"1":{"name":"(anonymous_1)","decl":{"start":{"line":19,"column":26},"end":{"line":19,"column":27}},"loc":{"start":{"line":19,"column":52},"end":{"line":36,"column":1}},"line":19}},"branchMap":{"0":{"loc":{"start":{"line":23,"column":4},"end":{"line":27,"column":5}},"type":"if","locations":[{"start":{"line":23,"column":4},"end":{"line":27,"column":5}},{"start":{},"end":{}}],"line":23}},"s":{"0":2,"1":2,"2":2,"3":2,"4":2,"5":0,"6":2,"7":3,"8":3,"9":3,"10":1,"11":1,"12":1,"13":2,"14":0},"f":{"0":2,"1":3},"b":{"0":[1,2]},"_coverageSchema":"1a1c01bbd47fc00a2c39e90264f33305004495a9","hash":"2180448b27f8fde7f8ce7793088c1386518d994a"}
,"/Users/majakosarzecka/Desktop/bazy/bazy_danych_projekt/backend/menu-service/src/controllers/productController.js": {"path":"/Users/majakosarzecka/Desktop/bazy/bazy_danych_projekt/backend/menu-service/src/controllers/productController.js","statementMap":{"0":{"start":{"line":1,"column":16},"end":{"line":1,"column":54}},"1":{"start":{"line":2,"column":17},"end":{"line":2,"column":56}},"2":{"start":{"line":3,"column":22},"end":{"line":3,"column":65}},"3":{"start":{"line":5,"column":0},"end":{"line":24,"column":2}},"4":{"start":{"line":6,"column":2},"end":{"line":23,"column":3}},"5":{"start":{"line":7,"column":21},"end":{"line":14,"column":6}},"6":{"start":{"line":16,"column":4},"end":{"line":20,"column":7}},"7":{"start":{"line":22,"column":4},"end":{"line":22,"column":16}},"8":{"start":{"line":26,"column":0},"end":{"line":51,"column":2}},"9":{"start":{"line":27,"column":2},"end":{"line":50,"column":3}},"10":{"start":{"line":28,"column":27},"end":{"line":28,"column":37}},"11":{"start":{"line":31,"column":21},"end":{"line":41,"column":6}},"12":{"start":{"line":43,"column":4},"end":{"line":47,"column":7}},"13":{"start":{"line":49,"column":4},"end":{"line":49,"column":16}},"14":{"start":{"line":53,"column":0},"end":{"line":86,"column":2}},"15":{"start":{"line":54,"column":2},"end":{"line":85,"column":3}},"16":{"start":{"line":55,"column":26},"end":{"line":55,"column":36}},"17":{"start":{"line":57,"column":20},"end":{"line":64,"column":6}},"18":{"start":{"line":66,"column":4},"end":{"line":70,"column":5}},"19":{"start":{"line":67,"column":20},"end":{"line":67,"column":69}},"20":{"start":{"line":68,"column":6},"end":{"line":68,"column":29}},"21":{"start":{"line":69,"column":6},"end":{"line":69,"column":25}},"22":{"start":{"line":72,"column":27},"end":{"line":74,"column":6}},"23":{"start":{"line":76,"column":4},"end":{"line":82,"column":7}},"24":{"start":{"line":84,"column":4},"end":{"line":84,"column":16}}},"fnMap":{"0":{"name":"(anonymous_0)","decl":{"start":{"line":5,"column":25},"end":{"line":5,"column":26}},"loc":{"start":{"line":5,"column":51},"end":{"line":24,"column":1}},"line":5},"1":{"name":"(anonymous_1)","decl":{"start":{"line":26,"column":32},"end":{"line":26,"column":33}},"loc":{"start":{"line":26,"column":58},"end":{"line":51,"column":1}},"line":26},"2":{"name":"(anonymous_2)","decl":{"start":{"line":53,"column":28},"end":{"line":53,"column":29}},"loc":{"start":{"line":53,"column":54},"end":{"line":86,"column":1}},"line":53}},"branchMap":{"0":{"loc":{"start":{"line":66,"column":4},"end":{"line":70,"column":5}},"type":"if","locations":[{"start":{"line":66,"column":4},"end":{"line":70,"column":5}},{"start":{},"end":{}}],"line":66}},"s":{"0":2,"1":2,"2":2,"3":2,"4":3,"5":3,"6":2,"7":1,"8":2,"9":2,"10":2,"11":2,"12":2,"13":0,"14":2,"15":4,"16":4,"17":4,"18":4,"19":2,"20":2,"21":2,"22":2,"23":2,"24":0},"f":{"0":3,"1":2,"2":4},"b":{"0":[2,2]},"_coverageSchema":"1a1c01bbd47fc00a2c39e90264f33305004495a9","hash":"08e70a7d7c169682a44fe99af8c5aa8658eb05c0"}
}
