TN:
SF:src/app.js
FN:22,(anonymous_0)
FN:26,(anonymous_1)
FNF:2
FNH:0
FNDA:0,(anonymous_0)
FNDA:0,(anonymous_1)
DA:1,1
DA:2,1
DA:3,1
DA:4,1
DA:5,1
DA:6,1
DA:8,1
DA:10,1
DA:11,1
DA:12,1
DA:14,1
DA:18,1
DA:20,1
DA:22,1
DA:23,0
DA:26,1
DA:27,0
DA:28,0
DA:29,0
DA:32,1
DA:34,1
LF:21
LH:17
BRF:0
BRH:0
end_of_record
TN:
SF:src/controllers/categoryController.js
FN:3,(anonymous_0)
FN:19,(anonymous_1)
FNF:2
FNH:2
FNDA:2,(anonymous_0)
FNDA:3,(anonymous_1)
DA:1,2
DA:3,2
DA:4,2
DA:5,2
DA:9,2
DA:15,0
DA:19,2
DA:20,3
DA:21,3
DA:23,3
DA:24,1
DA:25,1
DA:26,1
DA:29,2
DA:34,0
LF:15
LH:13
BRDA:23,0,0,1
BRDA:23,0,1,2
BRF:2
BRH:2
end_of_record
TN:
SF:src/controllers/productController.js
FN:5,(anonymous_0)
FN:26,(anonymous_1)
FN:53,(anonymous_2)
FNF:3
FNH:3
FNDA:3,(anonymous_0)
FNDA:2,(anonymous_1)
FNDA:4,(anonymous_2)
DA:1,2
DA:2,2
DA:3,2
DA:5,2
DA:6,3
DA:7,3
DA:16,2
DA:22,1
DA:26,2
DA:27,2
DA:28,2
DA:31,2
DA:43,2
DA:49,0
DA:53,2
DA:54,4
DA:55,4
DA:57,4
DA:66,4
DA:67,2
DA:68,2
DA:69,2
DA:72,2
DA:76,2
DA:84,0
LF:25
LH:23
BRDA:66,0,0,2
BRDA:66,0,1,2
BRF:2
BRH:2
end_of_record
