{"/Users/majakosarzecka/Desktop/bazy/bazy_danych_projekt/backend/delivery-service/src/controllers/deliveryOptionController.js": {"path":"/Users/majakosarzecka/Desktop/bazy/bazy_danych_projekt/backend/delivery-service/src/controllers/deliveryOptionController.js","statementMap":{"0":{"start":{"line":1,"column":23},"end":{"line":1,"column":68}},"1":{"start":{"line":3,"column":0},"end":{"line":17,"column":2}},"2":{"start":{"line":4,"column":2},"end":{"line":16,"column":3}},"3":{"start":{"line":5,"column":28},"end":{"line":7,"column":6}},"4":{"start":{"line":9,"column":4},"end":{"line":13,"column":7}},"5":{"start":{"line":15,"column":4},"end":{"line":15,"column":16}},"6":{"start":{"line":19,"column":0},"end":{"line":36,"column":2}},"7":{"start":{"line":20,"column":2},"end":{"line":35,"column":3}},"8":{"start":{"line":21,"column":27},"end":{"line":21,"column":71}},"9":{"start":{"line":23,"column":4},"end":{"line":27,"column":5}},"10":{"start":{"line":24,"column":20},"end":{"line":24,"column":74}},"11":{"start":{"line":25,"column":6},"end":{"line":25,"column":29}},"12":{"start":{"line":26,"column":6},"end":{"line":26,"column":25}},"13":{"start":{"line":29,"column":4},"end":{"line":32,"column":7}},"14":{"start":{"line":34,"column":4},"end":{"line":34,"column":16}}},"fnMap":{"0":{"name":"(anonymous_0)","decl":{"start":{"line":3,"column":32},"end":{"line":3,"column":33}},"loc":{"start":{"line":3,"column":58},"end":{"line":17,"column":1}},"line":3},"1":{"name":"(anonymous_1)","decl":{"start":{"line":19,"column":32},"end":{"line":19,"column":33}},"loc":{"start":{"line":19,"column":58},"end":{"line":36,"column":1}},"line":19}},"branchMap":{"0":{"loc":{"start":{"line":23,"column":4},"end":{"line":27,"column":5}},"type":"if","locations":[{"start":{"line":23,"column":4},"end":{"line":27,"column":5}},{"start":{},"end":{}}],"line":23}},"s":{"0":1,"1":1,"2":2,"3":2,"4":1,"5":1,"6":1,"7":2,"8":2,"9":2,"10":1,"11":1,"12":1,"13":1,"14":0},"f":{"0":2,"1":2},"b":{"0":[1,1]},"_coverageSchema":"1a1c01bbd47fc00a2c39e90264f33305004495a9","hash":"4a46f901e4c22f4f4648d52ecde39fcb55b7a400"}
,"/Users/majakosarzecka/Desktop/bazy/bazy_danych_projekt/backend/delivery-service/src/controllers/orderDeliveryController.js": {"path":"/Users/majakosarzecka/Desktop/bazy/bazy_danych_projekt/backend/delivery-service/src/controllers/orderDeliveryController.js","statementMap":{"0":{"start":{"line":1,"column":22},"end":{"line":1,"column":66}},"1":{"start":{"line":2,"column":23},"end":{"line":2,"column":68}},"2":{"start":{"line":3,"column":14},"end":{"line":3,"column":50}},"3":{"start":{"line":4,"column":21},"end":{"line":4,"column":56}},"4":{"start":{"line":5,"column":22},"end":{"line":5,"column":51}},"5":{"start":{"line":7,"column":0},"end":{"line":70,"column":2}},"6":{"start":{"line":8,"column":22},"end":{"line":8,"column":51}},"7":{"start":{"line":10,"column":2},"end":{"line":69,"column":3}},"8":{"start":{"line":11,"column":24},"end":{"line":11,"column":34}},"9":{"start":{"line":12,"column":49},"end":{"line":12,"column":57}},"10":{"start":{"line":14,"column":4},"end":{"line":14,"column":45}},"11":{"start":{"line":16,"column":27},"end":{"line":16,"column":74}},"12":{"start":{"line":17,"column":4},"end":{"line":21,"column":5}},"13":{"start":{"line":18,"column":20},"end":{"line":18,"column":74}},"14":{"start":{"line":19,"column":6},"end":{"line":19,"column":29}},"15":{"start":{"line":20,"column":6},"end":{"line":20,"column":25}},"16":{"start":{"line":23,"column":4},"end":{"line":39,"column":5}},"17":{"start":{"line":24,"column":20},"end":{"line":24,"column":49}},"18":{"start":{"line":26,"column":6},"end":{"line":30,"column":7}},"19":{"start":{"line":27,"column":22},"end":{"line":27,"column":70}},"20":{"start":{"line":28,"column":8},"end":{"line":28,"column":31}},"21":{"start":{"line":29,"column":8},"end":{"line":29,"column":27}},"22":{"start":{"line":32,"column":6},"end":{"line":36,"column":7}},"23":{"start":{"line":33,"column":22},"end":{"line":33,"column":66}},"24":{"start":{"line":34,"column":8},"end":{"line":34,"column":31}},"25":{"start":{"line":35,"column":8},"end":{"line":35,"column":27}},"26":{"start":{"line":38,"column":6},"end":{"line":38,"column":66}},"27":{"start":{"line":41,"column":34},"end":{"line":41,"column":44}},"28":{"start":{"line":42,"column":4},"end":{"line":44,"column":6}},"29":{"start":{"line":46,"column":26},"end":{"line":55,"column":5}},"30":{"start":{"line":57,"column":4},"end":{"line":57,"column":61}},"31":{"start":{"line":59,"column":4},"end":{"line":59,"column":31}},"32":{"start":{"line":61,"column":4},"end":{"line":65,"column":7}},"33":{"start":{"line":67,"column":4},"end":{"line":67,"column":33}},"34":{"start":{"line":68,"column":4},"end":{"line":68,"column":16}},"35":{"start":{"line":72,"column":0},"end":{"line":96,"column":2}},"36":{"start":{"line":73,"column":2},"end":{"line":95,"column":3}},"37":{"start":{"line":74,"column":24},"end":{"line":74,"column":34}},"38":{"start":{"line":76,"column":26},"end":{"line":79,"column":6}},"39":{"start":{"line":81,"column":4},"end":{"line":87,"column":5}},"40":{"start":{"line":82,"column":20},"end":{"line":84,"column":7}},"41":{"start":{"line":85,"column":6},"end":{"line":85,"column":29}},"42":{"start":{"line":86,"column":6},"end":{"line":86,"column":25}},"43":{"start":{"line":89,"column":4},"end":{"line":92,"column":7}},"44":{"start":{"line":94,"column":4},"end":{"line":94,"column":16}}},"fnMap":{"0":{"name":"(anonymous_0)","decl":{"start":{"line":7,"column":30},"end":{"line":7,"column":31}},"loc":{"start":{"line":7,"column":56},"end":{"line":70,"column":1}},"line":7},"1":{"name":"(anonymous_1)","decl":{"start":{"line":72,"column":36},"end":{"line":72,"column":37}},"loc":{"start":{"line":72,"column":62},"end":{"line":96,"column":1}},"line":72}},"branchMap":{"0":{"loc":{"start":{"line":17,"column":4},"end":{"line":21,"column":5}},"type":"if","locations":[{"start":{"line":17,"column":4},"end":{"line":21,"column":5}},{"start":{},"end":{}}],"line":17},"1":{"loc":{"start":{"line":23,"column":4},"end":{"line":39,"column":5}},"type":"if","locations":[{"start":{"line":23,"column":4},"end":{"line":39,"column":5}},{"start":{},"end":{}}],"line":23},"2":{"loc":{"start":{"line":26,"column":6},"end":{"line":30,"column":7}},"type":"if","locations":[{"start":{"line":26,"column":6},"end":{"line":30,"column":7}},{"start":{},"end":{}}],"line":26},"3":{"loc":{"start":{"line":32,"column":6},"end":{"line":36,"column":7}},"type":"if","locations":[{"start":{"line":32,"column":6},"end":{"line":36,"column":7}},{"start":{},"end":{}}],"line":32},"4":{"loc":{"start":{"line":81,"column":4},"end":{"line":87,"column":5}},"type":"if","locations":[{"start":{"line":81,"column":4},"end":{"line":87,"column":5}},{"start":{},"end":{}}],"line":81}},"s":{"0":1,"1":1,"2":1,"3":1,"4":1,"5":1,"6":4,"7":4,"8":4,"9":4,"10":4,"11":4,"12":4,"13":1,"14":1,"15":1,"16":3,"17":2,"18":2,"19":0,"20":0,"21":0,"22":2,"23":1,"24":1,"25":1,"26":1,"27":2,"28":2,"29":2,"30":2,"31":2,"32":2,"33":0,"34":0,"35":1,"36":2,"37":2,"38":2,"39":2,"40":1,"41":1,"42":1,"43":1,"44":0},"f":{"0":4,"1":2},"b":{"0":[1,3],"1":[2,1],"2":[0,2],"3":[1,1],"4":[1,1]},"_coverageSchema":"1a1c01bbd47fc00a2c39e90264f33305004495a9","hash":"d542c3bed213a5e7f21d48f809611c1f4b41795d"}
,"/Users/majakosarzecka/Desktop/bazy/bazy_danych_projekt/backend/delivery-service/src/controllers/tableController.js": {"path":"/Users/majakosarzecka/Desktop/bazy/bazy_danych_projekt/backend/delivery-service/src/controllers/tableController.js","statementMap":{"0":{"start":{"line":1,"column":14},"end":{"line":1,"column":50}},"1":{"start":{"line":2,"column":15},"end":{"line":2,"column":35}},"2":{"start":{"line":4,"column":0},"end":{"line":30,"column":2}},"3":{"start":{"line":5,"column":2},"end":{"line":29,"column":3}},"4":{"start":{"line":6,"column":25},"end":{"line":6,"column":34}},"5":{"start":{"line":8,"column":22},"end":{"line":8,"column":43}},"6":{"start":{"line":10,"column":4},"end":{"line":12,"column":5}},"7":{"start":{"line":11,"column":6},"end":{"line":11,"column":62}},"8":{"start":{"line":14,"column":19},"end":{"line":17,"column":6}},"9":{"start":{"line":19,"column":4},"end":{"line":26,"column":7}},"10":{"start":{"line":28,"column":4},"end":{"line":28,"column":16}},"11":{"start":{"line":32,"column":0},"end":{"line":44,"column":2}},"12":{"start":{"line":33,"column":2},"end":{"line":43,"column":3}},"13":{"start":{"line":34,"column":18},"end":{"line":34,"column":46}},"14":{"start":{"line":36,"column":4},"end":{"line":40,"column":7}},"15":{"start":{"line":42,"column":4},"end":{"line":42,"column":16}},"16":{"start":{"line":46,"column":0},"end":{"line":71,"column":2}},"17":{"start":{"line":47,"column":2},"end":{"line":70,"column":3}},"18":{"start":{"line":48,"column":19},"end":{"line":48,"column":29}},"19":{"start":{"line":49,"column":28},"end":{"line":49,"column":36}},"20":{"start":{"line":51,"column":18},"end":{"line":51,"column":42}},"21":{"start":{"line":53,"column":4},"end":{"line":57,"column":5}},"22":{"start":{"line":54,"column":20},"end":{"line":54,"column":68}},"23":{"start":{"line":55,"column":6},"end":{"line":55,"column":29}},"24":{"start":{"line":56,"column":6},"end":{"line":56,"column":25}},"25":{"start":{"line":59,"column":4},"end":{"line":59,"column":40}},"26":{"start":{"line":61,"column":4},"end":{"line":67,"column":7}},"27":{"start":{"line":69,"column":4},"end":{"line":69,"column":16}}},"fnMap":{"0":{"name":"(anonymous_0)","decl":{"start":{"line":4,"column":29},"end":{"line":4,"column":30}},"loc":{"start":{"line":4,"column":55},"end":{"line":30,"column":1}},"line":4},"1":{"name":"(anonymous_1)","decl":{"start":{"line":32,"column":22},"end":{"line":32,"column":23}},"loc":{"start":{"line":32,"column":48},"end":{"line":44,"column":1}},"line":32},"2":{"name":"(anonymous_2)","decl":{"start":{"line":46,"column":34},"end":{"line":46,"column":35}},"loc":{"start":{"line":46,"column":60},"end":{"line":71,"column":1}},"line":46}},"branchMap":{"0":{"loc":{"start":{"line":10,"column":4},"end":{"line":12,"column":5}},"type":"if","locations":[{"start":{"line":10,"column":4},"end":{"line":12,"column":5}},{"start":{},"end":{}}],"line":10},"1":{"loc":{"start":{"line":23,"column":15},"end":{"line":25,"column":38}},"type":"cond-expr","locations":[{"start":{"line":24,"column":10},"end":{"line":24,"column":45}},{"start":{"line":25,"column":10},"end":{"line":25,"column":38}}],"line":23},"2":{"loc":{"start":{"line":53,"column":4},"end":{"line":57,"column":5}},"type":"if","locations":[{"start":{"line":53,"column":4},"end":{"line":57,"column":5}},{"start":{},"end":{}}],"line":53},"3":{"loc":{"start":{"line":64,"column":8},"end":{"line":64,"column":43}},"type":"cond-expr","locations":[{"start":{"line":64,"column":22},"end":{"line":64,"column":32}},{"start":{"line":64,"column":35},"end":{"line":64,"column":43}}],"line":64}},"s":{"0":1,"1":1,"2":1,"3":2,"4":2,"5":2,"6":2,"7":1,"8":2,"9":2,"10":0,"11":1,"12":1,"13":1,"14":1,"15":0,"16":1,"17":2,"18":2,"19":2,"20":2,"21":2,"22":1,"23":1,"24":1,"25":1,"26":1,"27":0},"f":{"0":2,"1":1,"2":2},"b":{"0":[1,1],"1":[1,1],"2":[1,1],"3":[0,1]},"_coverageSchema":"1a1c01bbd47fc00a2c39e90264f33305004495a9","hash":"6f1bf76187bca50699ae4ffb5ee19c6f9f553546"}
}
