TN:
SF:src/controllers/deliveryOptionController.js
FN:3,(anonymous_0)
FN:19,(anonymous_1)
FNF:2
FNH:2
FNDA:2,(anonymous_0)
FNDA:2,(anonymous_1)
DA:1,1
DA:3,1
DA:4,2
DA:5,2
DA:9,1
DA:15,1
DA:19,1
DA:20,2
DA:21,2
DA:23,2
DA:24,1
DA:25,1
DA:26,1
DA:29,1
DA:34,0
LF:15
LH:14
BRDA:23,0,0,1
BRDA:23,0,1,1
BRF:2
BRH:2
end_of_record
TN:
SF:src/controllers/orderDeliveryController.js
FN:7,(anonymous_0)
FN:72,(anonymous_1)
FNF:2
FNH:2
FNDA:4,(anonymous_0)
FNDA:2,(anonymous_1)
DA:1,1
DA:2,1
DA:3,1
DA:4,1
DA:5,1
DA:7,1
DA:8,4
DA:10,4
DA:11,4
DA:12,4
DA:14,4
DA:16,4
DA:17,4
DA:18,1
DA:19,1
DA:20,1
DA:23,3
DA:24,2
DA:26,2
DA:27,0
DA:28,0
DA:29,0
DA:32,2
DA:33,1
DA:34,1
DA:35,1
DA:38,1
DA:41,2
DA:42,2
DA:46,2
DA:57,2
DA:59,2
DA:61,2
DA:67,0
DA:68,0
DA:72,1
DA:73,2
DA:74,2
DA:76,2
DA:81,2
DA:82,1
DA:85,1
DA:86,1
DA:89,1
DA:94,0
LF:45
LH:39
BRDA:17,0,0,1
BRDA:17,0,1,3
BRDA:23,1,0,2
BRDA:23,1,1,1
BRDA:26,2,0,0
BRDA:26,2,1,2
BRDA:32,3,0,1
BRDA:32,3,1,1
BRDA:81,4,0,1
BRDA:81,4,1,1
BRF:10
BRH:9
end_of_record
TN:
SF:src/controllers/tableController.js
FN:4,(anonymous_0)
FN:32,(anonymous_1)
FN:46,(anonymous_2)
FNF:3
FNH:3
FNDA:2,(anonymous_0)
FNDA:1,(anonymous_1)
FNDA:2,(anonymous_2)
DA:1,1
DA:2,1
DA:4,1
DA:5,2
DA:6,2
DA:8,2
DA:10,2
DA:11,1
DA:14,2
DA:19,2
DA:28,0
DA:32,1
DA:33,1
DA:34,1
DA:36,1
DA:42,0
DA:46,1
DA:47,2
DA:48,2
DA:49,2
DA:51,2
DA:53,2
DA:54,1
DA:55,1
DA:56,1
DA:59,1
DA:61,1
DA:69,0
LF:28
LH:25
BRDA:10,0,0,1
BRDA:10,0,1,1
BRDA:23,1,0,1
BRDA:23,1,1,1
BRDA:53,2,0,1
BRDA:53,2,1,1
BRDA:64,3,0,0
BRDA:64,3,1,1
BRF:8
BRH:7
end_of_record
