{"/Users/majakosarzecka/Desktop/bazy/bazy_danych_projekt/backend/order-service/src/controllers/orderController.js": {"path":"/Users/majakosarzecka/Desktop/bazy/bazy_danych_projekt/backend/order-service/src/controllers/orderController.js","statementMap":{"0":{"start":{"line":1,"column":14},"end":{"line":1,"column":50}},"1":{"start":{"line":2,"column":18},"end":{"line":2,"column":58}},"2":{"start":{"line":3,"column":31},"end":{"line":3,"column":83}},"3":{"start":{"line":4,"column":20},"end":{"line":4,"column":54}},"4":{"start":{"line":5,"column":22},"end":{"line":5,"column":51}},"5":{"start":{"line":7,"column":0},"end":{"line":24,"column":2}},"6":{"start":{"line":8,"column":2},"end":{"line":23,"column":3}},"7":{"start":{"line":9,"column":23},"end":{"line":9,"column":31}},"8":{"start":{"line":11,"column":18},"end":{"line":14,"column":6}},"9":{"start":{"line":16,"column":4},"end":{"line":20,"column":7}},"10":{"start":{"line":22,"column":4},"end":{"line":22,"column":16}},"11":{"start":{"line":26,"column":0},"end":{"line":64,"column":2}},"12":{"start":{"line":27,"column":2},"end":{"line":63,"column":3}},"13":{"start":{"line":28,"column":18},"end":{"line":30,"column":6}},"14":{"start":{"line":32,"column":4},"end":{"line":36,"column":5}},"15":{"start":{"line":33,"column":20},"end":{"line":33,"column":71}},"16":{"start":{"line":34,"column":6},"end":{"line":34,"column":29}},"17":{"start":{"line":35,"column":6},"end":{"line":35,"column":25}},"18":{"start":{"line":38,"column":25},"end":{"line":38,"column":64}},"19":{"start":{"line":38,"column":56},"end":{"line":38,"column":63}},"20":{"start":{"line":39,"column":27},"end":{"line":41,"column":6}},"21":{"start":{"line":43,"column":30},"end":{"line":46,"column":10}},"22":{"start":{"line":44,"column":6},"end":{"line":44,"column":53}},"23":{"start":{"line":45,"column":6},"end":{"line":45,"column":17}},"24":{"start":{"line":48,"column":36},"end":{"line":52,"column":6}},"25":{"start":{"line":49,"column":23},"end":{"line":49,"column":36}},"26":{"start":{"line":50,"column":6},"end":{"line":50,"column":66}},"27":{"start":{"line":51,"column":6},"end":{"line":51,"column":22}},"28":{"start":{"line":54,"column":19},"end":{"line":54,"column":33}},"29":{"start":{"line":55,"column":4},"end":{"line":55,"column":48}},"30":{"start":{"line":57,"column":4},"end":{"line":60,"column":7}},"31":{"start":{"line":62,"column":4},"end":{"line":62,"column":16}},"32":{"start":{"line":66,"column":0},"end":{"line":141,"column":2}},"33":{"start":{"line":67,"column":22},"end":{"line":67,"column":51}},"34":{"start":{"line":69,"column":2},"end":{"line":140,"column":3}},"35":{"start":{"line":70,"column":24},"end":{"line":70,"column":34}},"36":{"start":{"line":72,"column":6},"end":{"line":72,"column":14}},"37":{"start":{"line":74,"column":18},"end":{"line":74,"column":47}},"38":{"start":{"line":75,"column":4},"end":{"line":79,"column":5}},"39":{"start":{"line":76,"column":20},"end":{"line":76,"column":71}},"40":{"start":{"line":77,"column":6},"end":{"line":77,"column":29}},"41":{"start":{"line":78,"column":6},"end":{"line":78,"column":25}},"42":{"start":{"line":81,"column":4},"end":{"line":81,"column":55}},"43":{"start":{"line":82,"column":20},"end":{"line":82,"column":63}},"44":{"start":{"line":84,"column":4},"end":{"line":84,"column":77}},"45":{"start":{"line":86,"column":4},"end":{"line":91,"column":5}},"46":{"start":{"line":87,"column":6},"end":{"line":87,"column":53}},"47":{"start":{"line":88,"column":20},"end":{"line":88,"column":70}},"48":{"start":{"line":89,"column":6},"end":{"line":89,"column":29}},"49":{"start":{"line":90,"column":6},"end":{"line":90,"column":25}},"50":{"start":{"line":93,"column":22},"end":{"line":93,"column":47}},"51":{"start":{"line":94,"column":23},"end":{"line":94,"column":43}},"52":{"start":{"line":95,"column":4},"end":{"line":95,"column":76}},"53":{"start":{"line":97,"column":4},"end":{"line":97,"column":36}},"54":{"start":{"line":98,"column":22},"end":{"line":107,"column":5}},"55":{"start":{"line":108,"column":4},"end":{"line":108,"column":54}},"56":{"start":{"line":110,"column":4},"end":{"line":118,"column":5}},"57":{"start":{"line":111,"column":6},"end":{"line":111,"column":46}},"58":{"start":{"line":112,"column":6},"end":{"line":116,"column":9}},"59":{"start":{"line":117,"column":6},"end":{"line":117,"column":46}},"60":{"start":{"line":120,"column":27},"end":{"line":120,"column":69}},"61":{"start":{"line":122,"column":4},"end":{"line":122,"column":73}},"62":{"start":{"line":124,"column":4},"end":{"line":124,"column":31}},"63":{"start":{"line":125,"column":4},"end":{"line":125,"column":51}},"64":{"start":{"line":127,"column":4},"end":{"line":135,"column":7}},"65":{"start":{"line":137,"column":4},"end":{"line":137,"column":51}},"66":{"start":{"line":138,"column":4},"end":{"line":138,"column":33}},"67":{"start":{"line":139,"column":4},"end":{"line":139,"column":16}},"68":{"start":{"line":143,"column":0},"end":{"line":165,"column":2}},"69":{"start":{"line":144,"column":2},"end":{"line":164,"column":3}},"70":{"start":{"line":145,"column":24},"end":{"line":145,"column":34}},"71":{"start":{"line":146,"column":23},"end":{"line":146,"column":31}},"72":{"start":{"line":148,"column":18},"end":{"line":148,"column":47}},"73":{"start":{"line":149,"column":4},"end":{"line":153,"column":5}},"74":{"start":{"line":150,"column":20},"end":{"line":150,"column":71}},"75":{"start":{"line":151,"column":6},"end":{"line":151,"column":29}},"76":{"start":{"line":152,"column":6},"end":{"line":152,"column":25}},"77":{"start":{"line":155,"column":4},"end":{"line":155,"column":35}},"78":{"start":{"line":157,"column":4},"end":{"line":161,"column":7}},"79":{"start":{"line":163,"column":4},"end":{"line":163,"column":16}},"80":{"start":{"line":167,"column":0},"end":{"line":213,"column":2}},"81":{"start":{"line":168,"column":22},"end":{"line":168,"column":51}},"82":{"start":{"line":170,"column":2},"end":{"line":212,"column":3}},"83":{"start":{"line":171,"column":32},"end":{"line":171,"column":42}},"84":{"start":{"line":173,"column":18},"end":{"line":173,"column":47}},"85":{"start":{"line":174,"column":4},"end":{"line":178,"column":5}},"86":{"start":{"line":175,"column":20},"end":{"line":175,"column":71}},"87":{"start":{"line":176,"column":6},"end":{"line":176,"column":29}},"88":{"start":{"line":177,"column":6},"end":{"line":177,"column":25}},"89":{"start":{"line":180,"column":22},"end":{"line":185,"column":6}},"90":{"start":{"line":187,"column":4},"end":{"line":193,"column":5}},"91":{"start":{"line":188,"column":20},"end":{"line":190,"column":7}},"92":{"start":{"line":191,"column":6},"end":{"line":191,"column":29}},"93":{"start":{"line":192,"column":6},"end":{"line":192,"column":25}},"94":{"start":{"line":196,"column":6},"end":{"line":196,"column":70}},"95":{"start":{"line":197,"column":4},"end":{"line":197,"column":73}},"96":{"start":{"line":199,"column":4},"end":{"line":199,"column":68}},"97":{"start":{"line":201,"column":4},"end":{"line":201,"column":45}},"98":{"start":{"line":203,"column":4},"end":{"line":203,"column":31}},"99":{"start":{"line":205,"column":4},"end":{"line":208,"column":7}},"100":{"start":{"line":210,"column":4},"end":{"line":210,"column":33}},"101":{"start":{"line":211,"column":4},"end":{"line":211,"column":16}}},"fnMap":{"0":{"name":"(anonymous_0)","decl":{"start":{"line":7,"column":22},"end":{"line":7,"column":23}},"loc":{"start":{"line":7,"column":48},"end":{"line":24,"column":1}},"line":7},"1":{"name":"(anonymous_1)","decl":{"start":{"line":26,"column":23},"end":{"line":26,"column":24}},"loc":{"start":{"line":26,"column":49},"end":{"line":64,"column":1}},"line":26},"2":{"name":"(anonymous_2)","decl":{"start":{"line":38,"column":46},"end":{"line":38,"column":47}},"loc":{"start":{"line":38,"column":56},"end":{"line":38,"column":63}},"line":38},"3":{"name":"(anonymous_3)","decl":{"start":{"line":43,"column":52},"end":{"line":43,"column":53}},"loc":{"start":{"line":43,"column":76},"end":{"line":46,"column":5}},"line":43},"4":{"name":"(anonymous_4)","decl":{"start":{"line":48,"column":57},"end":{"line":48,"column":58}},"loc":{"start":{"line":48,"column":67},"end":{"line":52,"column":5}},"line":48},"5":{"name":"(anonymous_5)","decl":{"start":{"line":66,"column":25},"end":{"line":66,"column":26}},"loc":{"start":{"line":66,"column":51},"end":{"line":141,"column":1}},"line":66},"6":{"name":"(anonymous_6)","decl":{"start":{"line":143,"column":28},"end":{"line":143,"column":29}},"loc":{"start":{"line":143,"column":54},"end":{"line":165,"column":1}},"line":143},"7":{"name":"(anonymous_7)","decl":{"start":{"line":167,"column":30},"end":{"line":167,"column":31}},"loc":{"start":{"line":167,"column":56},"end":{"line":213,"column":1}},"line":167}},"branchMap":{"0":{"loc":{"start":{"line":32,"column":4},"end":{"line":36,"column":5}},"type":"if","locations":[{"start":{"line":32,"column":4},"end":{"line":36,"column":5}},{"start":{},"end":{}}],"line":32},"1":{"loc":{"start":{"line":50,"column":31},"end":{"line":50,"column":65}},"type":"binary-expr","locations":[{"start":{"line":50,"column":31},"end":{"line":50,"column":57}},{"start":{"line":50,"column":61},"end":{"line":50,"column":65}}],"line":50},"2":{"loc":{"start":{"line":75,"column":4},"end":{"line":79,"column":5}},"type":"if","locations":[{"start":{"line":75,"column":4},"end":{"line":79,"column":5}},{"start":{},"end":{}}],"line":75},"3":{"loc":{"start":{"line":86,"column":4},"end":{"line":91,"column":5}},"type":"if","locations":[{"start":{"line":86,"column":4},"end":{"line":91,"column":5}},{"start":{},"end":{}}],"line":86},"4":{"loc":{"start":{"line":110,"column":4},"end":{"line":118,"column":5}},"type":"if","locations":[{"start":{"line":110,"column":4},"end":{"line":118,"column":5}},{"start":{},"end":{}}],"line":110},"5":{"loc":{"start":{"line":110,"column":8},"end":{"line":110,"column":76}},"type":"binary-expr","locations":[{"start":{"line":110,"column":9},"end":{"line":110,"column":23}},{"start":{"line":110,"column":27},"end":{"line":110,"column":52}},{"start":{"line":110,"column":57},"end":{"line":110,"column":76}}],"line":110},"6":{"loc":{"start":{"line":114,"column":24},"end":{"line":114,"column":44}},"type":"binary-expr","locations":[{"start":{"line":114,"column":24},"end":{"line":114,"column":38}},{"start":{"line":114,"column":42},"end":{"line":114,"column":44}}],"line":114},"7":{"loc":{"start":{"line":115,"column":29},"end":{"line":115,"column":54}},"type":"binary-expr","locations":[{"start":{"line":115,"column":29},"end":{"line":115,"column":48}},{"start":{"line":115,"column":52},"end":{"line":115,"column":54}}],"line":115},"8":{"loc":{"start":{"line":149,"column":4},"end":{"line":153,"column":5}},"type":"if","locations":[{"start":{"line":149,"column":4},"end":{"line":153,"column":5}},{"start":{},"end":{}}],"line":149},"9":{"loc":{"start":{"line":174,"column":4},"end":{"line":178,"column":5}},"type":"if","locations":[{"start":{"line":174,"column":4},"end":{"line":178,"column":5}},{"start":{},"end":{}}],"line":174},"10":{"loc":{"start":{"line":187,"column":4},"end":{"line":193,"column":5}},"type":"if","locations":[{"start":{"line":187,"column":4},"end":{"line":193,"column":5}},{"start":{},"end":{}}],"line":187}},"s":{"0":1,"1":1,"2":1,"3":1,"4":1,"5":1,"6":2,"7":2,"8":2,"9":1,"10":1,"11":1,"12":2,"13":2,"14":2,"15":1,"16":1,"17":1,"18":1,"19":1,"20":1,"21":1,"22":0,"23":0,"24":1,"25":1,"26":1,"27":1,"28":1,"29":1,"30":1,"31":0,"32":1,"33":2,"34":2,"35":2,"36":2,"37":2,"38":2,"39":0,"40":0,"41":0,"42":2,"43":2,"44":2,"45":2,"46":1,"47":1,"48":1,"49":1,"50":1,"51":1,"52":1,"53":1,"54":1,"55":1,"56":1,"57":1,"58":1,"59":1,"60":1,"61":1,"62":1,"63":1,"64":1,"65":0,"66":0,"67":0,"68":1,"69":2,"70":2,"71":2,"72":2,"73":2,"74":1,"75":1,"76":1,"77":1,"78":1,"79":0,"80":1,"81":1,"82":1,"83":1,"84":1,"85":1,"86":1,"87":1,"88":1,"89":0,"90":0,"91":0,"92":0,"93":0,"94":0,"95":0,"96":0,"97":0,"98":0,"99":0,"100":0,"101":0},"f":{"0":2,"1":2,"2":1,"3":0,"4":1,"5":2,"6":2,"7":1},"b":{"0":[1,1],"1":[1,1],"2":[0,2],"3":[1,1],"4":[1,0],"5":[1,1,1],"6":[1,0],"7":[1,0],"8":[1,1],"9":[1,0],"10":[0,0]},"_coverageSchema":"1a1c01bbd47fc00a2c39e90264f33305004495a9","hash":"c35155462aa28adc7fccb856fd4843d0b731fa69"}
,"/Users/majakosarzecka/Desktop/bazy/bazy_danych_projekt/backend/order-service/src/services/menuService.js": {"path":"/Users/majakosarzecka/Desktop/bazy/bazy_danych_projekt/backend/order-service/src/services/menuService.js","statementMap":{"0":{"start":{"line":1,"column":14},"end":{"line":1,"column":30}},"1":{"start":{"line":4,"column":2},"end":{"line":4,"column":64}},"2":{"start":{"line":6,"column":23},"end":{"line":21,"column":1}},"3":{"start":{"line":7,"column":2},"end":{"line":20,"column":3}},"4":{"start":{"line":8,"column":21},"end":{"line":10,"column":5}},"5":{"start":{"line":11,"column":4},"end":{"line":11,"column":30}},"6":{"start":{"line":13,"column":4},"end":{"line":16,"column":6}},"7":{"start":{"line":17,"column":4},"end":{"line":19,"column":6}},"8":{"start":{"line":23,"column":33},"end":{"line":34,"column":1}},"9":{"start":{"line":24,"column":2},"end":{"line":33,"column":3}},"10":{"start":{"line":25,"column":20},"end":{"line":25,"column":51}},"11":{"start":{"line":26,"column":4},"end":{"line":26,"column":40}},"12":{"start":{"line":28,"column":4},"end":{"line":31,"column":6}},"13":{"start":{"line":32,"column":4},"end":{"line":32,"column":17}},"14":{"start":{"line":36,"column":0},"end":{"line":39,"column":2}}},"fnMap":{"0":{"name":"(anonymous_0)","decl":{"start":{"line":6,"column":23},"end":{"line":6,"column":24}},"loc":{"start":{"line":6,"column":44},"end":{"line":21,"column":1}},"line":6},"1":{"name":"(anonymous_1)","decl":{"start":{"line":23,"column":33},"end":{"line":23,"column":34}},"loc":{"start":{"line":23,"column":54},"end":{"line":34,"column":1}},"line":23}},"branchMap":{"0":{"loc":{"start":{"line":4,"column":2},"end":{"line":4,"column":64}},"type":"binary-expr","locations":[{"start":{"line":4,"column":2},"end":{"line":4,"column":30}},{"start":{"line":4,"column":34},"end":{"line":4,"column":64}}],"line":4}},"s":{"0":1,"1":1,"2":1,"3":0,"4":0,"5":0,"6":0,"7":0,"8":1,"9":0,"10":0,"11":0,"12":0,"13":0,"14":1},"f":{"0":0,"1":0},"b":{"0":[1,1]},"_coverageSchema":"1a1c01bbd47fc00a2c39e90264f33305004495a9","hash":"adaf9535f8f8379e4ba6ff6e01e4492da8449632"}
}
