TN:
SF:src/controllers/orderController.js
FN:7,(anonymous_0)
FN:26,(anonymous_1)
FN:38,(anonymous_2)
FN:43,(anonymous_3)
FN:48,(anonymous_4)
FN:66,(anonymous_5)
FN:143,(anonymous_6)
FN:167,(anonymous_7)
FNF:8
FNH:7
FNDA:2,(anonymous_0)
FNDA:2,(anonymous_1)
FNDA:1,(anonymous_2)
FNDA:0,(anonymous_3)
FNDA:1,(anonymous_4)
FNDA:2,(anonymous_5)
FNDA:2,(anonymous_6)
FNDA:1,(anonymous_7)
DA:1,1
DA:2,1
DA:3,1
DA:4,1
DA:5,1
DA:7,1
DA:8,2
DA:9,2
DA:11,2
DA:16,1
DA:22,1
DA:26,1
DA:27,2
DA:28,2
DA:32,2
DA:33,1
DA:34,1
DA:35,1
DA:38,1
DA:39,1
DA:43,1
DA:44,0
DA:45,0
DA:48,1
DA:49,1
DA:50,1
DA:51,1
DA:54,1
DA:55,1
DA:57,1
DA:62,0
DA:66,1
DA:67,2
DA:69,2
DA:70,2
DA:72,2
DA:74,2
DA:75,2
DA:76,0
DA:77,0
DA:78,0
DA:81,2
DA:82,2
DA:84,2
DA:86,2
DA:87,1
DA:88,1
DA:89,1
DA:90,1
DA:93,1
DA:94,1
DA:95,1
DA:97,1
DA:98,1
DA:108,1
DA:110,1
DA:111,1
DA:112,1
DA:117,1
DA:120,1
DA:122,1
DA:124,1
DA:125,1
DA:127,1
DA:137,0
DA:138,0
DA:139,0
DA:143,1
DA:144,2
DA:145,2
DA:146,2
DA:148,2
DA:149,2
DA:150,1
DA:151,1
DA:152,1
DA:155,1
DA:157,1
DA:163,0
DA:167,1
DA:168,1
DA:170,1
DA:171,1
DA:173,1
DA:174,1
DA:175,1
DA:176,1
DA:177,1
DA:180,0
DA:187,0
DA:188,0
DA:191,0
DA:192,0
DA:196,0
DA:197,0
DA:199,0
DA:201,0
DA:203,0
DA:205,0
DA:210,0
DA:211,0
LF:101
LH:78
BRDA:32,0,0,1
BRDA:32,0,1,1
BRDA:50,1,0,1
BRDA:50,1,1,1
BRDA:75,2,0,0
BRDA:75,2,1,2
BRDA:86,3,0,1
BRDA:86,3,1,1
BRDA:110,4,0,1
BRDA:110,4,1,0
BRDA:110,5,0,1
BRDA:110,5,1,1
BRDA:110,5,2,1
BRDA:114,6,0,1
BRDA:114,6,1,0
BRDA:115,7,0,1
BRDA:115,7,1,0
BRDA:149,8,0,1
BRDA:149,8,1,1
BRDA:174,9,0,1
BRDA:174,9,1,0
BRDA:187,10,0,0
BRDA:187,10,1,0
BRF:23
BRH:16
end_of_record
TN:
SF:src/services/menuService.js
FN:6,(anonymous_0)
FN:23,(anonymous_1)
FNF:2
FNH:0
FNDA:0,(anonymous_0)
FNDA:0,(anonymous_1)
DA:1,1
DA:4,1
DA:6,1
DA:7,0
DA:8,0
DA:11,0
DA:13,0
DA:17,0
DA:23,1
DA:24,0
DA:25,0
DA:26,0
DA:28,0
DA:32,0
DA:36,1
LF:15
LH:5
BRDA:4,0,0,1
BRDA:4,0,1,1
BRF:2
BRH:2
end_of_record
