{"total": {"lines":{"total":145,"covered":113,"skipped":0,"pct":77.93},"statements":{"total":145,"covered":113,"skipped":0,"pct":77.93},"functions":{"total":7,"covered":5,"skipped":0,"pct":71.42},"branches":{"total":53,"covered":43,"skipped":0,"pct":81.13},"branchesTrue":{"total":0,"covered":0,"skipped":0,"pct":"Unknown"}}
,"/Users/majakosarzecka/Desktop/bazy/bazy_danych_projekt/backend/payment-service/src/controllers/paymentController.js": {"lines":{"total":98,"covered":70,"skipped":0,"pct":71.42},"functions":{"total":4,"covered":2,"skipped":0,"pct":50},"statements":{"total":98,"covered":70,"skipped":0,"pct":71.42},"branches":{"total":37,"covered":27,"skipped":0,"pct":72.97}}
,"/Users/majakosarzecka/Desktop/bazy/bazy_danych_projekt/backend/payment-service/src/controllers/paymentMethodController.js": {"lines":{"total":15,"covered":13,"skipped":0,"pct":86.66},"functions":{"total":2,"covered":2,"skipped":0,"pct":100},"statements":{"total":15,"covered":13,"skipped":0,"pct":86.66},"branches":{"total":2,"covered":2,"skipped":0,"pct":100}}
,"/Users/majakosarzecka/Desktop/bazy/bazy_danych_projekt/backend/payment-service/src/controllers/promoCodeController.js": {"lines":{"total":32,"covered":30,"skipped":0,"pct":93.75},"functions":{"total":1,"covered":1,"skipped":0,"pct":100},"statements":{"total":32,"covered":30,"skipped":0,"pct":93.75},"branches":{"total":14,"covered":14,"skipped":0,"pct":100}}
}
