{"/Users/majakosarzecka/Desktop/bazy/bazy_danych_projekt/backend/user-service/src/app.js": {"path":"/Users/majakosarzecka/Desktop/bazy/bazy_danych_projekt/backend/user-service/src/app.js","statementMap":{"0":{"start":{"line":1,"column":16},"end":{"line":1,"column":34}},"1":{"start":{"line":2,"column":13},"end":{"line":2,"column":28}},"2":{"start":{"line":3,"column":15},"end":{"line":3,"column":32}},"3":{"start":{"line":4,"column":15},"end":{"line":4,"column":34}},"4":{"start":{"line":5,"column":21},"end":{"line":5,"column":58}},"5":{"start":{"line":7,"column":12},"end":{"line":7,"column":21}},"6":{"start":{"line":9,"column":0},"end":{"line":9,"column":18}},"7":{"start":{"line":10,"column":0},"end":{"line":10,"column":16}},"8":{"start":{"line":11,"column":0},"end":{"line":11,"column":24}},"9":{"start":{"line":13,"column":0},"end":{"line":13,"column":27}},"10":{"start":{"line":15,"column":0},"end":{"line":17,"column":3}},"11":{"start":{"line":16,"column":2},"end":{"line":16,"column":66}},"12":{"start":{"line":19,"column":0},"end":{"line":23,"column":3}},"13":{"start":{"line":20,"column":16},"end":{"line":20,"column":64}},"14":{"start":{"line":21,"column":2},"end":{"line":21,"column":25}},"15":{"start":{"line":22,"column":2},"end":{"line":22,"column":14}},"16":{"start":{"line":25,"column":0},"end":{"line":25,"column":22}},"17":{"start":{"line":27,"column":0},"end":{"line":27,"column":21}}},"fnMap":{"0":{"name":"(anonymous_0)","decl":{"start":{"line":15,"column":19},"end":{"line":15,"column":20}},"loc":{"start":{"line":15,"column":33},"end":{"line":17,"column":1}},"line":15},"1":{"name":"(anonymous_1)","decl":{"start":{"line":19,"column":8},"end":{"line":19,"column":9}},"loc":{"start":{"line":19,"column":28},"end":{"line":23,"column":1}},"line":19}},"branchMap":{},"s":{"0":2,"1":2,"2":2,"3":2,"4":2,"5":2,"6":2,"7":2,"8":2,"9":2,"10":2,"11":0,"12":2,"13":0,"14":0,"15":0,"16":2,"17":2},"f":{"0":0,"1":0},"b":{},"_coverageSchema":"1a1c01bbd47fc00a2c39e90264f33305004495a9","hash":"61f7b46e031fa1e39eb86c57d38503ea9f6e14ee"}
,"/Users/majakosarzecka/Desktop/bazy/bazy_danych_projekt/backend/user-service/src/controllers/feedbackController.js": {"path":"/Users/majakosarzecka/Desktop/bazy/bazy_danych_projekt/backend/user-service/src/controllers/feedbackController.js","statementMap":{"0":{"start":{"line":1,"column":17},"end":{"line":1,"column":55}},"1":{"start":{"line":3,"column":0},"end":{"line":26,"column":2}},"2":{"start":{"line":4,"column":2},"end":{"line":25,"column":3}},"3":{"start":{"line":6,"column":6},"end":{"line":6,"column":14}},"4":{"start":{"line":8,"column":21},"end":{"line":16,"column":6}},"5":{"start":{"line":18,"column":4},"end":{"line":22,"column":7}},"6":{"start":{"line":24,"column":4},"end":{"line":24,"column":16}},"7":{"start":{"line":28,"column":0},"end":{"line":40,"column":2}},"8":{"start":{"line":29,"column":2},"end":{"line":39,"column":3}},"9":{"start":{"line":30,"column":21},"end":{"line":30,"column":79}},"10":{"start":{"line":32,"column":4},"end":{"line":36,"column":7}},"11":{"start":{"line":38,"column":4},"end":{"line":38,"column":16}}},"fnMap":{"0":{"name":"(anonymous_0)","decl":{"start":{"line":3,"column":25},"end":{"line":3,"column":26}},"loc":{"start":{"line":3,"column":51},"end":{"line":26,"column":1}},"line":3},"1":{"name":"(anonymous_1)","decl":{"start":{"line":28,"column":25},"end":{"line":28,"column":26}},"loc":{"start":{"line":28,"column":51},"end":{"line":40,"column":1}},"line":28}},"branchMap":{"0":{"loc":{"start":{"line":10,"column":20},"end":{"line":10,"column":47}},"type":"binary-expr","locations":[{"start":{"line":10,"column":20},"end":{"line":10,"column":32}},{"start":{"line":10,"column":36},"end":{"line":10,"column":47}}],"line":10},"1":{"loc":{"start":{"line":11,"column":13},"end":{"line":11,"column":26}},"type":"binary-expr","locations":[{"start":{"line":11,"column":13},"end":{"line":11,"column":18}},{"start":{"line":11,"column":22},"end":{"line":11,"column":26}}],"line":11},"2":{"loc":{"start":{"line":13,"column":14},"end":{"line":13,"column":26}},"type":"binary-expr","locations":[{"start":{"line":13,"column":14},"end":{"line":13,"column":20}},{"start":{"line":13,"column":24},"end":{"line":13,"column":26}}],"line":13},"3":{"loc":{"start":{"line":14,"column":22},"end":{"line":14,"column":42}},"type":"binary-expr","locations":[{"start":{"line":14,"column":22},"end":{"line":14,"column":36}},{"start":{"line":14,"column":40},"end":{"line":14,"column":42}}],"line":14}},"s":{"0":3,"1":3,"2":2,"3":2,"4":2,"5":2,"6":0,"7":3,"8":1,"9":1,"10":1,"11":0},"f":{"0":2,"1":1},"b":{"0":[2,1],"1":[2,2],"2":[2,1],"3":[2,2]},"_coverageSchema":"1a1c01bbd47fc00a2c39e90264f33305004495a9","hash":"260e9ce9ae3bdbd72b0f69ee19235e4a2c30d018"}
,"/Users/majakosarzecka/Desktop/bazy/bazy_danych_projekt/backend/user-service/src/controllers/loyaltyController.js": {"path":"/Users/majakosarzecka/Desktop/bazy/bazy_danych_projekt/backend/user-service/src/controllers/loyaltyController.js","statementMap":{"0":{"start":{"line":1,"column":13},"end":{"line":1,"column":48}},"1":{"start":{"line":2,"column":29},"end":{"line":2,"column":80}},"2":{"start":{"line":3,"column":21},"end":{"line":3,"column":64}},"3":{"start":{"line":4,"column":22},"end":{"line":4,"column":51}},"4":{"start":{"line":6,"column":0},"end":{"line":41,"column":2}},"5":{"start":{"line":7,"column":2},"end":{"line":40,"column":3}},"6":{"start":{"line":8,"column":17},"end":{"line":16,"column":6}},"7":{"start":{"line":18,"column":4},"end":{"line":22,"column":5}},"8":{"start":{"line":19,"column":20},"end":{"line":19,"column":59}},"9":{"start":{"line":20,"column":6},"end":{"line":20,"column":29}},"10":{"start":{"line":21,"column":6},"end":{"line":21,"column":25}},"11":{"start":{"line":24,"column":26},"end":{"line":28,"column":6}},"12":{"start":{"line":30,"column":4},"end":{"line":37,"column":7}},"13":{"start":{"line":39,"column":4},"end":{"line":39,"column":16}},"14":{"start":{"line":43,"column":0},"end":{"line":102,"column":2}},"15":{"start":{"line":44,"column":22},"end":{"line":44,"column":51}},"16":{"start":{"line":46,"column":2},"end":{"line":101,"column":3}},"17":{"start":{"line":47,"column":65},"end":{"line":47,"column":73}},"18":{"start":{"line":49,"column":4},"end":{"line":53,"column":5}},"19":{"start":{"line":50,"column":20},"end":{"line":50,"column":64}},"20":{"start":{"line":51,"column":6},"end":{"line":51,"column":29}},"21":{"start":{"line":52,"column":6},"end":{"line":52,"column":25}},"22":{"start":{"line":55,"column":17},"end":{"line":55,"column":61}},"23":{"start":{"line":56,"column":4},"end":{"line":60,"column":5}},"24":{"start":{"line":57,"column":20},"end":{"line":57,"column":59}},"25":{"start":{"line":58,"column":6},"end":{"line":58,"column":29}},"26":{"start":{"line":59,"column":6},"end":{"line":59,"column":25}},"27":{"start":{"line":62,"column":4},"end":{"line":68,"column":5}},"28":{"start":{"line":63,"column":20},"end":{"line":65,"column":7}},"29":{"start":{"line":66,"column":6},"end":{"line":66,"column":29}},"30":{"start":{"line":67,"column":6},"end":{"line":67,"column":25}},"31":{"start":{"line":70,"column":4},"end":{"line":79,"column":6}},"32":{"start":{"line":81,"column":22},"end":{"line":81,"column":75}},"33":{"start":{"line":82,"column":4},"end":{"line":85,"column":6}},"34":{"start":{"line":87,"column":4},"end":{"line":87,"column":31}},"35":{"start":{"line":89,"column":4},"end":{"line":97,"column":7}},"36":{"start":{"line":99,"column":4},"end":{"line":99,"column":33}},"37":{"start":{"line":100,"column":4},"end":{"line":100,"column":16}},"38":{"start":{"line":104,"column":0},"end":{"line":151,"column":2}},"39":{"start":{"line":105,"column":2},"end":{"line":150,"column":3}},"40":{"start":{"line":106,"column":17},"end":{"line":108,"column":6}},"41":{"start":{"line":110,"column":4},"end":{"line":114,"column":5}},"42":{"start":{"line":111,"column":20},"end":{"line":111,"column":59}},"43":{"start":{"line":112,"column":6},"end":{"line":112,"column":29}},"44":{"start":{"line":113,"column":6},"end":{"line":113,"column":25}},"45":{"start":{"line":116,"column":16},"end":{"line":116,"column":26}},"46":{"start":{"line":117,"column":19},"end":{"line":125,"column":6}},"47":{"start":{"line":127,"column":28},"end":{"line":131,"column":5}},"48":{"start":{"line":129,"column":8},"end":{"line":130,"column":46}},"49":{"start":{"line":133,"column":29},"end":{"line":137,"column":5}},"50":{"start":{"line":135,"column":8},"end":{"line":136,"column":66}},"51":{"start":{"line":139,"column":4},"end":{"line":147,"column":7}},"52":{"start":{"line":149,"column":4},"end":{"line":149,"column":16}},"53":{"start":{"line":153,"column":0},"end":{"line":231,"column":2}},"54":{"start":{"line":154,"column":22},"end":{"line":154,"column":51}},"55":{"start":{"line":156,"column":2},"end":{"line":230,"column":3}},"56":{"start":{"line":157,"column":24},"end":{"line":157,"column":34}},"57":{"start":{"line":159,"column":17},"end":{"line":159,"column":65}},"58":{"start":{"line":160,"column":4},"end":{"line":164,"column":5}},"59":{"start":{"line":161,"column":20},"end":{"line":161,"column":59}},"60":{"start":{"line":162,"column":6},"end":{"line":162,"column":29}},"61":{"start":{"line":163,"column":6},"end":{"line":163,"column":25}},"62":{"start":{"line":166,"column":18},"end":{"line":166,"column":71}},"63":{"start":{"line":167,"column":4},"end":{"line":171,"column":5}},"64":{"start":{"line":168,"column":20},"end":{"line":168,"column":54}},"65":{"start":{"line":169,"column":6},"end":{"line":169,"column":29}},"66":{"start":{"line":170,"column":6},"end":{"line":170,"column":25}},"67":{"start":{"line":173,"column":16},"end":{"line":173,"column":26}},"68":{"start":{"line":174,"column":4},"end":{"line":178,"column":5}},"69":{"start":{"line":175,"column":20},"end":{"line":175,"column":67}},"70":{"start":{"line":176,"column":6},"end":{"line":176,"column":29}},"71":{"start":{"line":177,"column":6},"end":{"line":177,"column":25}},"72":{"start":{"line":180,"column":4},"end":{"line":184,"column":5}},"73":{"start":{"line":181,"column":20},"end":{"line":181,"column":62}},"74":{"start":{"line":182,"column":6},"end":{"line":182,"column":29}},"75":{"start":{"line":183,"column":6},"end":{"line":183,"column":25}},"76":{"start":{"line":186,"column":4},"end":{"line":192,"column":5}},"77":{"start":{"line":187,"column":20},"end":{"line":189,"column":7}},"78":{"start":{"line":190,"column":6},"end":{"line":190,"column":29}},"79":{"start":{"line":191,"column":6},"end":{"line":191,"column":25}},"80":{"start":{"line":194,"column":4},"end":{"line":209,"column":5}},"81":{"start":{"line":195,"column":6},"end":{"line":203,"column":8}},"82":{"start":{"line":205,"column":6},"end":{"line":208,"column":8}},"83":{"start":{"line":211,"column":4},"end":{"line":214,"column":6}},"84":{"start":{"line":216,"column":4},"end":{"line":216,"column":31}},"85":{"start":{"line":218,"column":4},"end":{"line":226,"column":7}},"86":{"start":{"line":228,"column":4},"end":{"line":228,"column":33}},"87":{"start":{"line":229,"column":4},"end":{"line":229,"column":16}}},"fnMap":{"0":{"name":"(anonymous_0)","decl":{"start":{"line":6,"column":27},"end":{"line":6,"column":28}},"loc":{"start":{"line":6,"column":53},"end":{"line":41,"column":1}},"line":6},"1":{"name":"(anonymous_1)","decl":{"start":{"line":43,"column":38},"end":{"line":43,"column":39}},"loc":{"start":{"line":43,"column":64},"end":{"line":102,"column":1}},"line":43},"2":{"name":"(anonymous_2)","decl":{"start":{"line":104,"column":27},"end":{"line":104,"column":28}},"loc":{"start":{"line":104,"column":53},"end":{"line":151,"column":1}},"line":104},"3":{"name":"(anonymous_3)","decl":{"start":{"line":128,"column":6},"end":{"line":128,"column":7}},"loc":{"start":{"line":129,"column":8},"end":{"line":130,"column":46}},"line":129},"4":{"name":"(anonymous_4)","decl":{"start":{"line":134,"column":6},"end":{"line":134,"column":7}},"loc":{"start":{"line":135,"column":8},"end":{"line":136,"column":66}},"line":135},"5":{"name":"(anonymous_5)","decl":{"start":{"line":153,"column":29},"end":{"line":153,"column":30}},"loc":{"start":{"line":153,"column":55},"end":{"line":231,"column":1}},"line":153}},"branchMap":{"0":{"loc":{"start":{"line":18,"column":4},"end":{"line":22,"column":5}},"type":"if","locations":[{"start":{"line":18,"column":4},"end":{"line":22,"column":5}},{"start":{},"end":{}}],"line":18},"1":{"loc":{"start":{"line":49,"column":4},"end":{"line":53,"column":5}},"type":"if","locations":[{"start":{"line":49,"column":4},"end":{"line":53,"column":5}},{"start":{},"end":{}}],"line":49},"2":{"loc":{"start":{"line":56,"column":4},"end":{"line":60,"column":5}},"type":"if","locations":[{"start":{"line":56,"column":4},"end":{"line":60,"column":5}},{"start":{},"end":{}}],"line":56},"3":{"loc":{"start":{"line":62,"column":4},"end":{"line":68,"column":5}},"type":"if","locations":[{"start":{"line":62,"column":4},"end":{"line":68,"column":5}},{"start":{},"end":{}}],"line":62},"4":{"loc":{"start":{"line":62,"column":8},"end":{"line":62,"column":71}},"type":"binary-expr","locations":[{"start":{"line":62,"column":8},"end":{"line":62,"column":24}},{"start":{"line":62,"column":28},"end":{"line":62,"column":71}}],"line":62},"5":{"loc":{"start":{"line":110,"column":4},"end":{"line":114,"column":5}},"type":"if","locations":[{"start":{"line":110,"column":4},"end":{"line":114,"column":5}},{"start":{},"end":{}}],"line":110},"6":{"loc":{"start":{"line":129,"column":8},"end":{"line":130,"column":46}},"type":"binary-expr","locations":[{"start":{"line":129,"column":9},"end":{"line":129,"column":26}},{"start":{"line":129,"column":30},"end":{"line":129,"column":65}},{"start":{"line":130,"column":8},"end":{"line":130,"column":46}}],"line":129},"7":{"loc":{"start":{"line":135,"column":8},"end":{"line":136,"column":66}},"type":"binary-expr","locations":[{"start":{"line":135,"column":8},"end":{"line":135,"column":45}},{"start":{"line":136,"column":9},"end":{"line":136,"column":25}},{"start":{"line":136,"column":29},"end":{"line":136,"column":65}}],"line":135},"8":{"loc":{"start":{"line":160,"column":4},"end":{"line":164,"column":5}},"type":"if","locations":[{"start":{"line":160,"column":4},"end":{"line":164,"column":5}},{"start":{},"end":{}}],"line":160},"9":{"loc":{"start":{"line":167,"column":4},"end":{"line":171,"column":5}},"type":"if","locations":[{"start":{"line":167,"column":4},"end":{"line":171,"column":5}},{"start":{},"end":{}}],"line":167},"10":{"loc":{"start":{"line":174,"column":4},"end":{"line":178,"column":5}},"type":"if","locations":[{"start":{"line":174,"column":4},"end":{"line":178,"column":5}},{"start":{},"end":{}}],"line":174},"11":{"loc":{"start":{"line":174,"column":8},"end":{"line":174,"column":71}},"type":"binary-expr","locations":[{"start":{"line":174,"column":8},"end":{"line":174,"column":23}},{"start":{"line":174,"column":27},"end":{"line":174,"column":48}},{"start":{"line":174,"column":52},"end":{"line":174,"column":71}}],"line":174},"12":{"loc":{"start":{"line":180,"column":4},"end":{"line":184,"column":5}},"type":"if","locations":[{"start":{"line":180,"column":4},"end":{"line":184,"column":5}},{"start":{},"end":{}}],"line":180},"13":{"loc":{"start":{"line":180,"column":8},"end":{"line":180,"column":64}},"type":"binary-expr","locations":[{"start":{"line":180,"column":8},"end":{"line":180,"column":24}},{"start":{"line":180,"column":28},"end":{"line":180,"column":64}}],"line":180},"14":{"loc":{"start":{"line":186,"column":4},"end":{"line":192,"column":5}},"type":"if","locations":[{"start":{"line":186,"column":4},"end":{"line":192,"column":5}},{"start":{},"end":{}}],"line":186},"15":{"loc":{"start":{"line":194,"column":4},"end":{"line":209,"column":5}},"type":"if","locations":[{"start":{"line":194,"column":4},"end":{"line":209,"column":5}},{"start":{},"end":{}}],"line":194}},"s":{"0":2,"1":2,"2":2,"3":2,"4":2,"5":1,"6":1,"7":1,"8":0,"9":0,"10":0,"11":1,"12":1,"13":0,"14":2,"15":1,"16":1,"17":1,"18":1,"19":0,"20":0,"21":0,"22":1,"23":1,"24":0,"25":0,"26":0,"27":1,"28":0,"29":0,"30":0,"31":1,"32":1,"33":1,"34":1,"35":1,"36":0,"37":0,"38":2,"39":0,"40":0,"41":0,"42":0,"43":0,"44":0,"45":0,"46":0,"47":0,"48":0,"49":0,"50":0,"51":0,"52":0,"53":2,"54":0,"55":0,"56":0,"57":0,"58":0,"59":0,"60":0,"61":0,"62":0,"63":0,"64":0,"65":0,"66":0,"67":0,"68":0,"69":0,"70":0,"71":0,"72":0,"73":0,"74":0,"75":0,"76":0,"77":0,"78":0,"79":0,"80":0,"81":0,"82":0,"83":0,"84":0,"85":0,"86":0,"87":0},"f":{"0":1,"1":1,"2":0,"3":0,"4":0,"5":0},"b":{"0":[0,1],"1":[0,1],"2":[0,1],"3":[0,1],"4":[1,0],"5":[0,0],"6":[0,0,0],"7":[0,0,0],"8":[0,0],"9":[0,0],"10":[0,0],"11":[0,0,0],"12":[0,0],"13":[0,0],"14":[0,0],"15":[0,0]},"_coverageSchema":"1a1c01bbd47fc00a2c39e90264f33305004495a9","hash":"b2938e7c373cd21d5ca6163b3e9007c88554ca12"}
,"/Users/majakosarzecka/Desktop/bazy/bazy_danych_projekt/backend/user-service/src/controllers/preferencesController.js": {"path":"/Users/majakosarzecka/Desktop/bazy/bazy_danych_projekt/backend/user-service/src/controllers/preferencesController.js","statementMap":{"0":{"start":{"line":1,"column":24},"end":{"line":1,"column":69}},"1":{"start":{"line":2,"column":21},"end":{"line":2,"column":56}},"2":{"start":{"line":4,"column":0},"end":{"line":25,"column":2}},"3":{"start":{"line":5,"column":2},"end":{"line":24,"column":3}},"4":{"start":{"line":6,"column":24},"end":{"line":6,"column":77}},"5":{"start":{"line":8,"column":4},"end":{"line":16,"column":5}},"6":{"start":{"line":9,"column":29},"end":{"line":11,"column":8}},"7":{"start":{"line":12,"column":6},"end":{"line":15,"column":9}},"8":{"start":{"line":18,"column":4},"end":{"line":21,"column":7}},"9":{"start":{"line":23,"column":4},"end":{"line":23,"column":16}},"10":{"start":{"line":27,"column":0},"end":{"line":45,"column":2}},"11":{"start":{"line":28,"column":2},"end":{"line":44,"column":3}},"12":{"start":{"line":29,"column":23},"end":{"line":29,"column":31}},"13":{"start":{"line":31,"column":24},"end":{"line":35,"column":5}},"14":{"start":{"line":37,"column":4},"end":{"line":41,"column":7}},"15":{"start":{"line":43,"column":4},"end":{"line":43,"column":16}},"16":{"start":{"line":47,"column":0},"end":{"line":72,"column":2}},"17":{"start":{"line":48,"column":2},"end":{"line":71,"column":3}},"18":{"start":{"line":49,"column":26},"end":{"line":49,"column":34}},"19":{"start":{"line":51,"column":24},"end":{"line":62,"column":5}},"20":{"start":{"line":64,"column":4},"end":{"line":68,"column":7}},"21":{"start":{"line":70,"column":4},"end":{"line":70,"column":16}},"22":{"start":{"line":74,"column":0},"end":{"line":102,"column":2}},"23":{"start":{"line":75,"column":2},"end":{"line":101,"column":3}},"24":{"start":{"line":76,"column":26},"end":{"line":76,"column":36}},"25":{"start":{"line":78,"column":24},"end":{"line":86,"column":5}},"26":{"start":{"line":88,"column":4},"end":{"line":92,"column":5}},"27":{"start":{"line":89,"column":20},"end":{"line":89,"column":71}},"28":{"start":{"line":90,"column":6},"end":{"line":90,"column":29}},"29":{"start":{"line":91,"column":6},"end":{"line":91,"column":25}},"30":{"start":{"line":94,"column":4},"end":{"line":98,"column":7}},"31":{"start":{"line":100,"column":4},"end":{"line":100,"column":16}},"32":{"start":{"line":104,"column":0},"end":{"line":125,"column":2}},"33":{"start":{"line":105,"column":2},"end":{"line":124,"column":3}},"34":{"start":{"line":106,"column":24},"end":{"line":109,"column":5}},"35":{"start":{"line":111,"column":25},"end":{"line":111,"column":56}},"36":{"start":{"line":113,"column":4},"end":{"line":121,"column":7}},"37":{"start":{"line":117,"column":20},"end":{"line":117,"column":65}},"38":{"start":{"line":123,"column":4},"end":{"line":123,"column":16}},"39":{"start":{"line":127,"column":0},"end":{"line":166,"column":2}},"40":{"start":{"line":128,"column":2},"end":{"line":165,"column":3}},"41":{"start":{"line":129,"column":49},"end":{"line":129,"column":57}},"42":{"start":{"line":133,"column":4},"end":{"line":139,"column":5}},"43":{"start":{"line":134,"column":6},"end":{"line":134,"column":62}},"44":{"start":{"line":136,"column":6},"end":{"line":136,"column":75}},"45":{"start":{"line":138,"column":6},"end":{"line":138,"column":49}},"46":{"start":{"line":141,"column":30},"end":{"line":146,"column":5}},"47":{"start":{"line":148,"column":4},"end":{"line":156,"column":6}},"48":{"start":{"line":158,"column":4},"end":{"line":162,"column":7}},"49":{"start":{"line":164,"column":4},"end":{"line":164,"column":16}},"50":{"start":{"line":168,"column":0},"end":{"line":198,"column":2}},"51":{"start":{"line":169,"column":2},"end":{"line":197,"column":3}},"52":{"start":{"line":170,"column":24},"end":{"line":173,"column":5}},"53":{"start":{"line":175,"column":4},"end":{"line":183,"column":5}},"54":{"start":{"line":176,"column":6},"end":{"line":182,"column":9}},"55":{"start":{"line":185,"column":24},"end":{"line":185,"column":60}},"56":{"start":{"line":187,"column":4},"end":{"line":194,"column":7}},"57":{"start":{"line":196,"column":4},"end":{"line":196,"column":16}}},"fnMap":{"0":{"name":"(anonymous_0)","decl":{"start":{"line":4,"column":25},"end":{"line":4,"column":26}},"loc":{"start":{"line":4,"column":51},"end":{"line":25,"column":1}},"line":4},"1":{"name":"(anonymous_1)","decl":{"start":{"line":27,"column":28},"end":{"line":27,"column":29}},"loc":{"start":{"line":27,"column":54},"end":{"line":45,"column":1}},"line":27},"2":{"name":"(anonymous_2)","decl":{"start":{"line":47,"column":29},"end":{"line":47,"column":30}},"loc":{"start":{"line":47,"column":55},"end":{"line":72,"column":1}},"line":47},"3":{"name":"(anonymous_3)","decl":{"start":{"line":74,"column":32},"end":{"line":74,"column":33}},"loc":{"start":{"line":74,"column":58},"end":{"line":102,"column":1}},"line":74},"4":{"name":"(anonymous_4)","decl":{"start":{"line":104,"column":26},"end":{"line":104,"column":27}},"loc":{"start":{"line":104,"column":52},"end":{"line":125,"column":1}},"line":104},"5":{"name":"(anonymous_5)","decl":{"start":{"line":117,"column":10},"end":{"line":117,"column":11}},"loc":{"start":{"line":117,"column":20},"end":{"line":117,"column":65}},"line":117},"6":{"name":"(anonymous_6)","decl":{"start":{"line":127,"column":28},"end":{"line":127,"column":29}},"loc":{"start":{"line":127,"column":54},"end":{"line":166,"column":1}},"line":127},"7":{"name":"(anonymous_7)","decl":{"start":{"line":168,"column":32},"end":{"line":168,"column":33}},"loc":{"start":{"line":168,"column":58},"end":{"line":198,"column":1}},"line":168}},"branchMap":{"0":{"loc":{"start":{"line":8,"column":4},"end":{"line":16,"column":5}},"type":"if","locations":[{"start":{"line":8,"column":4},"end":{"line":16,"column":5}},{"start":{},"end":{}}],"line":8},"1":{"loc":{"start":{"line":88,"column":4},"end":{"line":92,"column":5}},"type":"if","locations":[{"start":{"line":88,"column":4},"end":{"line":92,"column":5}},{"start":{},"end":{}}],"line":88},"2":{"loc":{"start":{"line":111,"column":25},"end":{"line":111,"column":56}},"type":"binary-expr","locations":[{"start":{"line":111,"column":25},"end":{"line":111,"column":50}},{"start":{"line":111,"column":54},"end":{"line":111,"column":56}}],"line":111},"3":{"loc":{"start":{"line":143,"column":19},"end":{"line":143,"column":58}},"type":"binary-expr","locations":[{"start":{"line":143,"column":19},"end":{"line":143,"column":43}},{"start":{"line":143,"column":47},"end":{"line":143,"column":58}}],"line":143},"4":{"loc":{"start":{"line":145,"column":18},"end":{"line":145,"column":55}},"type":"binary-expr","locations":[{"start":{"line":145,"column":18},"end":{"line":145,"column":41}},{"start":{"line":145,"column":45},"end":{"line":145,"column":55}}],"line":145},"5":{"loc":{"start":{"line":175,"column":4},"end":{"line":183,"column":5}},"type":"if","locations":[{"start":{"line":175,"column":4},"end":{"line":183,"column":5}},{"start":{},"end":{}}],"line":175},"6":{"loc":{"start":{"line":185,"column":24},"end":{"line":185,"column":60}},"type":"binary-expr","locations":[{"start":{"line":185,"column":24},"end":{"line":185,"column":54}},{"start":{"line":185,"column":58},"end":{"line":185,"column":60}}],"line":185},"7":{"loc":{"start":{"line":191,"column":26},"end":{"line":191,"column":67}},"type":"binary-expr","locations":[{"start":{"line":191,"column":26},"end":{"line":191,"column":62}},{"start":{"line":191,"column":66},"end":{"line":191,"column":67}}],"line":191},"8":{"loc":{"start":{"line":192,"column":24},"end":{"line":192,"column":61}},"type":"binary-expr","locations":[{"start":{"line":192,"column":24},"end":{"line":192,"column":56}},{"start":{"line":192,"column":60},"end":{"line":192,"column":61}}],"line":192}},"s":{"0":2,"1":2,"2":2,"3":0,"4":0,"5":0,"6":0,"7":0,"8":0,"9":0,"10":2,"11":0,"12":0,"13":0,"14":0,"15":0,"16":2,"17":0,"18":0,"19":0,"20":0,"21":0,"22":2,"23":0,"24":0,"25":0,"26":0,"27":0,"28":0,"29":0,"30":0,"31":0,"32":2,"33":0,"34":0,"35":0,"36":0,"37":0,"38":0,"39":2,"40":0,"41":0,"42":0,"43":0,"44":0,"45":0,"46":0,"47":0,"48":0,"49":0,"50":2,"51":0,"52":0,"53":0,"54":0,"55":0,"56":0,"57":0},"f":{"0":0,"1":0,"2":0,"3":0,"4":0,"5":0,"6":0,"7":0},"b":{"0":[0,0],"1":[0,0],"2":[0,0],"3":[0,0],"4":[0,0],"5":[0,0],"6":[0,0],"7":[0,0],"8":[0,0]},"_coverageSchema":"1a1c01bbd47fc00a2c39e90264f33305004495a9","hash":"9255733c0a6b2badc7797ba4ecfaaa20bb37ae51"}
,"/Users/majakosarzecka/Desktop/bazy/bazy_danych_projekt/backend/user-service/src/controllers/userController.js": {"path":"/Users/majakosarzecka/Desktop/bazy/bazy_danych_projekt/backend/user-service/src/controllers/userController.js","statementMap":{"0":{"start":{"line":1,"column":15},"end":{"line":1,"column":34}},"1":{"start":{"line":2,"column":12},"end":{"line":2,"column":35}},"2":{"start":{"line":3,"column":13},"end":{"line":3,"column":48}},"3":{"start":{"line":4,"column":29},"end":{"line":4,"column":80}},"4":{"start":{"line":5,"column":24},"end":{"line":5,"column":69}},"5":{"start":{"line":6,"column":22},"end":{"line":6,"column":51}},"6":{"start":{"line":8,"column":0},"end":{"line":84,"column":2}},"7":{"start":{"line":9,"column":22},"end":{"line":9,"column":51}},"8":{"start":{"line":11,"column":2},"end":{"line":83,"column":3}},"9":{"start":{"line":12,"column":60},"end":{"line":12,"column":68}},"10":{"start":{"line":14,"column":25},"end":{"line":14,"column":65}},"11":{"start":{"line":15,"column":4},"end":{"line":19,"column":5}},"12":{"start":{"line":16,"column":20},"end":{"line":16,"column":76}},"13":{"start":{"line":17,"column":6},"end":{"line":17,"column":29}},"14":{"start":{"line":18,"column":6},"end":{"line":18,"column":25}},"15":{"start":{"line":21,"column":25},"end":{"line":21,"column":56}},"16":{"start":{"line":23,"column":17},"end":{"line":32,"column":5}},"17":{"start":{"line":34,"column":4},"end":{"line":42,"column":6}},"18":{"start":{"line":44,"column":4},"end":{"line":50,"column":6}},"19":{"start":{"line":52,"column":4},"end":{"line":52,"column":31}},"20":{"start":{"line":54,"column":4},"end":{"line":60,"column":5}},"21":{"start":{"line":55,"column":6},"end":{"line":57,"column":9}},"22":{"start":{"line":59,"column":6},"end":{"line":59,"column":71}},"23":{"start":{"line":62,"column":18},"end":{"line":66,"column":5}},"24":{"start":{"line":68,"column":24},"end":{"line":68,"column":52}},"25":{"start":{"line":69,"column":25},"end":{"line":69,"column":45}},"26":{"start":{"line":70,"column":4},"end":{"line":70,"column":37}},"27":{"start":{"line":72,"column":4},"end":{"line":79,"column":7}},"28":{"start":{"line":81,"column":4},"end":{"line":81,"column":33}},"29":{"start":{"line":82,"column":4},"end":{"line":82,"column":16}},"30":{"start":{"line":86,"column":0},"end":{"line":126,"column":2}},"31":{"start":{"line":87,"column":2},"end":{"line":125,"column":3}},"32":{"start":{"line":88,"column":32},"end":{"line":88,"column":40}},"33":{"start":{"line":90,"column":17},"end":{"line":90,"column":57}},"34":{"start":{"line":91,"column":4},"end":{"line":95,"column":5}},"35":{"start":{"line":92,"column":20},"end":{"line":92,"column":62}},"36":{"start":{"line":93,"column":6},"end":{"line":93,"column":29}},"37":{"start":{"line":94,"column":6},"end":{"line":94,"column":25}},"38":{"start":{"line":97,"column":28},"end":{"line":97,"column":77}},"39":{"start":{"line":98,"column":4},"end":{"line":102,"column":5}},"40":{"start":{"line":99,"column":20},"end":{"line":99,"column":62}},"41":{"start":{"line":100,"column":6},"end":{"line":100,"column":29}},"42":{"start":{"line":101,"column":6},"end":{"line":101,"column":25}},"43":{"start":{"line":104,"column":4},"end":{"line":104,"column":79}},"44":{"start":{"line":106,"column":18},"end":{"line":110,"column":5}},"45":{"start":{"line":112,"column":25},"end":{"line":112,"column":38}},"46":{"start":{"line":113,"column":4},"end":{"line":113,"column":37}},"47":{"start":{"line":115,"column":4},"end":{"line":122,"column":7}},"48":{"start":{"line":124,"column":4},"end":{"line":124,"column":16}},"49":{"start":{"line":128,"column":0},"end":{"line":161,"column":2}},"50":{"start":{"line":129,"column":2},"end":{"line":160,"column":3}},"51":{"start":{"line":130,"column":17},"end":{"line":138,"column":6}},"52":{"start":{"line":140,"column":4},"end":{"line":144,"column":5}},"53":{"start":{"line":141,"column":20},"end":{"line":141,"column":59}},"54":{"start":{"line":142,"column":6},"end":{"line":142,"column":29}},"55":{"start":{"line":143,"column":6},"end":{"line":143,"column":25}},"56":{"start":{"line":146,"column":24},"end":{"line":146,"column":77}},"57":{"start":{"line":148,"column":25},"end":{"line":148,"column":38}},"58":{"start":{"line":149,"column":4},"end":{"line":149,"column":37}},"59":{"start":{"line":151,"column":4},"end":{"line":157,"column":7}},"60":{"start":{"line":159,"column":4},"end":{"line":159,"column":16}}},"fnMap":{"0":{"name":"(anonymous_0)","decl":{"start":{"line":8,"column":19},"end":{"line":8,"column":20}},"loc":{"start":{"line":8,"column":45},"end":{"line":84,"column":1}},"line":8},"1":{"name":"(anonymous_1)","decl":{"start":{"line":86,"column":16},"end":{"line":86,"column":17}},"loc":{"start":{"line":86,"column":42},"end":{"line":126,"column":1}},"line":86},"2":{"name":"(anonymous_2)","decl":{"start":{"line":128,"column":21},"end":{"line":128,"column":22}},"loc":{"start":{"line":128,"column":47},"end":{"line":161,"column":1}},"line":128}},"branchMap":{"0":{"loc":{"start":{"line":15,"column":4},"end":{"line":19,"column":5}},"type":"if","locations":[{"start":{"line":15,"column":4},"end":{"line":19,"column":5}},{"start":{},"end":{}}],"line":15},"1":{"loc":{"start":{"line":91,"column":4},"end":{"line":95,"column":5}},"type":"if","locations":[{"start":{"line":91,"column":4},"end":{"line":95,"column":5}},{"start":{},"end":{}}],"line":91},"2":{"loc":{"start":{"line":98,"column":4},"end":{"line":102,"column":5}},"type":"if","locations":[{"start":{"line":98,"column":4},"end":{"line":102,"column":5}},{"start":{},"end":{}}],"line":98},"3":{"loc":{"start":{"line":140,"column":4},"end":{"line":144,"column":5}},"type":"if","locations":[{"start":{"line":140,"column":4},"end":{"line":144,"column":5}},{"start":{},"end":{}}],"line":140}},"s":{"0":3,"1":3,"2":3,"3":3,"4":3,"5":3,"6":3,"7":6,"8":6,"9":6,"10":6,"11":6,"12":2,"13":2,"14":2,"15":4,"16":4,"17":4,"18":4,"19":4,"20":4,"21":4,"22":0,"23":4,"24":4,"25":4,"26":4,"27":4,"28":0,"29":0,"30":3,"31":5,"32":5,"33":5,"34":5,"35":2,"36":2,"37":2,"38":3,"39":3,"40":1,"41":1,"42":1,"43":2,"44":2,"45":2,"46":2,"47":2,"48":0,"49":3,"50":0,"51":0,"52":0,"53":0,"54":0,"55":0,"56":0,"57":0,"58":0,"59":0,"60":0},"f":{"0":6,"1":5,"2":0},"b":{"0":[2,4],"1":[2,3],"2":[1,2],"3":[0,0]},"_coverageSchema":"1a1c01bbd47fc00a2c39e90264f33305004495a9","hash":"7bed2539082f4bd45049df7542acbb9e8b7add28"}
,"/Users/majakosarzecka/Desktop/bazy/bazy_danych_projekt/backend/user-service/src/middlewares/errorHandler.js": {"path":"/Users/majakosarzecka/Desktop/bazy/bazy_danych_projekt/backend/user-service/src/middlewares/errorHandler.js","statementMap":{"0":{"start":{"line":1,"column":21},"end":{"line":12,"column":1}},"1":{"start":{"line":2,"column":2},"end":{"line":2,"column":27}},"2":{"start":{"line":4,"column":21},"end":{"line":4,"column":42}},"3":{"start":{"line":5,"column":18},"end":{"line":5,"column":56}},"4":{"start":{"line":7,"column":2},"end":{"line":11,"column":5}},"5":{"start":{"line":14,"column":0},"end":{"line":14,"column":30}}},"fnMap":{"0":{"name":"(anonymous_0)","decl":{"start":{"line":1,"column":21},"end":{"line":1,"column":22}},"loc":{"start":{"line":1,"column":46},"end":{"line":12,"column":1}},"line":1}},"branchMap":{"0":{"loc":{"start":{"line":4,"column":21},"end":{"line":4,"column":42}},"type":"binary-expr","locations":[{"start":{"line":4,"column":21},"end":{"line":4,"column":35}},{"start":{"line":4,"column":39},"end":{"line":4,"column":42}}],"line":4},"1":{"loc":{"start":{"line":5,"column":18},"end":{"line":5,"column":56}},"type":"binary-expr","locations":[{"start":{"line":5,"column":18},"end":{"line":5,"column":29}},{"start":{"line":5,"column":33},"end":{"line":5,"column":56}}],"line":5},"2":{"loc":{"start":{"line":10,"column":11},"end":{"line":10,"column":73}},"type":"cond-expr","locations":[{"start":{"line":10,"column":52},"end":{"line":10,"column":61}},{"start":{"line":10,"column":64},"end":{"line":10,"column":73}}],"line":10}},"s":{"0":2,"1":6,"2":6,"3":6,"4":6,"5":2},"f":{"0":6},"b":{"0":[6,0],"1":[6,0],"2":[0,6]},"_coverageSchema":"1a1c01bbd47fc00a2c39e90264f33305004495a9","hash":"07167b7cf202f5a86ffd8ffa1cf2ad01195c2dcf"}
,"/Users/majakosarzecka/Desktop/bazy/bazy_danych_projekt/backend/user-service/src/routes/feedbackRoutes.js": {"path":"/Users/majakosarzecka/Desktop/bazy/bazy_danych_projekt/backend/user-service/src/routes/feedbackRoutes.js","statementMap":{"0":{"start":{"line":1,"column":16},"end":{"line":1,"column":34}},"1":{"start":{"line":2,"column":27},"end":{"line":2,"column":71}},"2":{"start":{"line":6,"column":4},"end":{"line":6,"column":34}},"3":{"start":{"line":8,"column":15},"end":{"line":8,"column":31}},"4":{"start":{"line":10,"column":0},"end":{"line":14,"column":2}},"5":{"start":{"line":16,"column":0},"end":{"line":16,"column":51}},"6":{"start":{"line":18,"column":0},"end":{"line":18,"column":24}}},"fnMap":{},"branchMap":{},"s":{"0":2,"1":2,"2":2,"3":2,"4":2,"5":2,"6":2},"f":{},"b":{},"_coverageSchema":"1a1c01bbd47fc00a2c39e90264f33305004495a9","hash":"c343d718e8b970230d76451a79e25d21ba7ad92b"}
,"/Users/majakosarzecka/Desktop/bazy/bazy_danych_projekt/backend/user-service/src/routes/index.js": {"path":"/Users/majakosarzecka/Desktop/bazy/bazy_danych_projekt/backend/user-service/src/routes/index.js","statementMap":{"0":{"start":{"line":1,"column":16},"end":{"line":1,"column":34}},"1":{"start":{"line":2,"column":19},"end":{"line":2,"column":42}},"2":{"start":{"line":3,"column":22},"end":{"line":3,"column":48}},"3":{"start":{"line":4,"column":26},"end":{"line":4,"column":56}},"4":{"start":{"line":5,"column":23},"end":{"line":5,"column":50}},"5":{"start":{"line":7,"column":15},"end":{"line":7,"column":31}},"6":{"start":{"line":9,"column":0},"end":{"line":9,"column":33}},"7":{"start":{"line":10,"column":0},"end":{"line":10,"column":38}},"8":{"start":{"line":11,"column":0},"end":{"line":11,"column":46}},"9":{"start":{"line":12,"column":0},"end":{"line":12,"column":40}},"10":{"start":{"line":14,"column":0},"end":{"line":14,"column":24}}},"fnMap":{},"branchMap":{},"s":{"0":2,"1":2,"2":2,"3":2,"4":2,"5":2,"6":2,"7":2,"8":2,"9":2,"10":2},"f":{},"b":{},"_coverageSchema":"1a1c01bbd47fc00a2c39e90264f33305004495a9","hash":"eb8435dc85c13a7e1a31a2a99ba26d12785bd989"}
,"/Users/majakosarzecka/Desktop/bazy/bazy_danych_projekt/backend/user-service/src/routes/loyaltyRoutes.js": {"path":"/Users/majakosarzecka/Desktop/bazy/bazy_danych_projekt/backend/user-service/src/routes/loyaltyRoutes.js","statementMap":{"0":{"start":{"line":1,"column":16},"end":{"line":1,"column":34}},"1":{"start":{"line":2,"column":26},"end":{"line":2,"column":69}},"2":{"start":{"line":6,"column":4},"end":{"line":6,"column":34}},"3":{"start":{"line":7,"column":30},"end":{"line":7,"column":60}},"4":{"start":{"line":8,"column":28},"end":{"line":8,"column":65}},"5":{"start":{"line":10,"column":15},"end":{"line":10,"column":31}},"6":{"start":{"line":12,"column":0},"end":{"line":12,"column":77}},"7":{"start":{"line":13,"column":0},"end":{"line":13,"column":77}},"8":{"start":{"line":14,"column":0},"end":{"line":18,"column":2}},"9":{"start":{"line":20,"column":0},"end":{"line":25,"column":2}},"10":{"start":{"line":27,"column":0},"end":{"line":27,"column":24}}},"fnMap":{},"branchMap":{},"s":{"0":2,"1":2,"2":2,"3":2,"4":2,"5":2,"6":2,"7":2,"8":2,"9":2,"10":2},"f":{},"b":{},"_coverageSchema":"1a1c01bbd47fc00a2c39e90264f33305004495a9","hash":"3eaf50a55b251d6b6f7150ada7735bbaa5881749"}
,"/Users/majakosarzecka/Desktop/bazy/bazy_danych_projekt/backend/user-service/src/routes/preferencesRoutes.js": {"path":"/Users/majakosarzecka/Desktop/bazy/bazy_danych_projekt/backend/user-service/src/routes/preferencesRoutes.js","statementMap":{"0":{"start":{"line":1,"column":16},"end":{"line":1,"column":34}},"1":{"start":{"line":2,"column":30},"end":{"line":2,"column":77}},"2":{"start":{"line":7,"column":4},"end":{"line":7,"column":34}},"3":{"start":{"line":8,"column":30},"end":{"line":8,"column":60}},"4":{"start":{"line":10,"column":15},"end":{"line":10,"column":31}},"5":{"start":{"line":13,"column":0},"end":{"line":13,"column":30}},"6":{"start":{"line":16,"column":0},"end":{"line":16,"column":54}},"7":{"start":{"line":17,"column":0},"end":{"line":21,"column":2}},"8":{"start":{"line":24,"column":0},"end":{"line":28,"column":2}},"9":{"start":{"line":29,"column":0},"end":{"line":32,"column":2}},"10":{"start":{"line":35,"column":0},"end":{"line":35,"column":61}},"11":{"start":{"line":36,"column":0},"end":{"line":36,"column":64}},"12":{"start":{"line":39,"column":0},"end":{"line":39,"column":72}},"13":{"start":{"line":41,"column":0},"end":{"line":41,"column":24}}},"fnMap":{},"branchMap":{},"s":{"0":2,"1":2,"2":2,"3":2,"4":2,"5":2,"6":2,"7":2,"8":2,"9":2,"10":2,"11":2,"12":2,"13":2},"f":{},"b":{},"_coverageSchema":"1a1c01bbd47fc00a2c39e90264f33305004495a9","hash":"d4ff917503db09f13ced307cf1b0649f32cd9ccd"}
,"/Users/majakosarzecka/Desktop/bazy/bazy_danych_projekt/backend/user-service/src/routes/userRoutes.js": {"path":"/Users/majakosarzecka/Desktop/bazy/bazy_danych_projekt/backend/user-service/src/routes/userRoutes.js","statementMap":{"0":{"start":{"line":1,"column":16},"end":{"line":1,"column":34}},"1":{"start":{"line":2,"column":23},"end":{"line":2,"column":63}},"2":{"start":{"line":7,"column":4},"end":{"line":7,"column":34}},"3":{"start":{"line":8,"column":30},"end":{"line":8,"column":60}},"4":{"start":{"line":10,"column":15},"end":{"line":10,"column":31}},"5":{"start":{"line":13,"column":0},"end":{"line":17,"column":2}},"6":{"start":{"line":19,"column":0},"end":{"line":19,"column":78}},"7":{"start":{"line":22,"column":0},"end":{"line":22,"column":69}},"8":{"start":{"line":24,"column":0},"end":{"line":24,"column":24}}},"fnMap":{},"branchMap":{},"s":{"0":2,"1":2,"2":2,"3":2,"4":2,"5":2,"6":2,"7":2,"8":2},"f":{},"b":{},"_coverageSchema":"1a1c01bbd47fc00a2c39e90264f33305004495a9","hash":"f3e21d58caf3d1eed6db2e77f828da2f48676ad6"}
,"/Users/majakosarzecka/Desktop/bazy/bazy_danych_projekt/backend/user-service/src/services/orderService.js": {"path":"/Users/majakosarzecka/Desktop/bazy/bazy_danych_projekt/backend/user-service/src/services/orderService.js","statementMap":{"0":{"start":{"line":1,"column":14},"end":{"line":1,"column":30}},"1":{"start":{"line":4,"column":2},"end":{"line":4,"column":58}},"2":{"start":{"line":6,"column":21},"end":{"line":16,"column":1}},"3":{"start":{"line":7,"column":2},"end":{"line":15,"column":3}},"4":{"start":{"line":8,"column":21},"end":{"line":10,"column":5}},"5":{"start":{"line":11,"column":4},"end":{"line":11,"column":30}},"6":{"start":{"line":13,"column":4},"end":{"line":13,"column":72}},"7":{"start":{"line":14,"column":4},"end":{"line":14,"column":62}},"8":{"start":{"line":18,"column":31},"end":{"line":21,"column":1}},"9":{"start":{"line":20,"column":2},"end":{"line":20,"column":38}},"10":{"start":{"line":23,"column":0},"end":{"line":26,"column":2}}},"fnMap":{"0":{"name":"(anonymous_0)","decl":{"start":{"line":6,"column":21},"end":{"line":6,"column":22}},"loc":{"start":{"line":6,"column":40},"end":{"line":16,"column":1}},"line":6},"1":{"name":"(anonymous_1)","decl":{"start":{"line":18,"column":31},"end":{"line":18,"column":32}},"loc":{"start":{"line":18,"column":48},"end":{"line":21,"column":1}},"line":18}},"branchMap":{"0":{"loc":{"start":{"line":4,"column":2},"end":{"line":4,"column":58}},"type":"binary-expr","locations":[{"start":{"line":4,"column":2},"end":{"line":4,"column":31}},{"start":{"line":4,"column":35},"end":{"line":4,"column":58}}],"line":4}},"s":{"0":2,"1":2,"2":2,"3":0,"4":0,"5":0,"6":0,"7":0,"8":2,"9":0,"10":2},"f":{"0":0,"1":0},"b":{"0":[2,2]},"_coverageSchema":"1a1c01bbd47fc00a2c39e90264f33305004495a9","hash":"e62791ef490f26b286b6de75329a0a7942a559f9"}
,"/Users/majakosarzecka/Desktop/bazy/bazy_danych_projekt/backend/user-service/src/utils/validation.js": {"path":"/Users/majakosarzecka/Desktop/bazy/bazy_danych_projekt/backend/user-service/src/utils/validation.js","statementMap":{"0":{"start":{"line":1,"column":12},"end":{"line":1,"column":26}},"1":{"start":{"line":3,"column":27},"end":{"line":11,"column":2}},"2":{"start":{"line":13,"column":24},"end":{"line":16,"column":2}},"3":{"start":{"line":18,"column":31},"end":{"line":26,"column":2}},"4":{"start":{"line":28,"column":33},"end":{"line":39,"column":2}},"5":{"start":{"line":41,"column":32},"end":{"line":65,"column":2}},"6":{"start":{"line":67,"column":33},"end":{"line":69,"column":2}},"7":{"start":{"line":71,"column":29},"end":{"line":86,"column":2}},"8":{"start":{"line":88,"column":24},"end":{"line":104,"column":1}},"9":{"start":{"line":89,"column":2},"end":{"line":103,"column":4}},"10":{"start":{"line":90,"column":22},"end":{"line":90,"column":47}},"11":{"start":{"line":92,"column":4},"end":{"line":100,"column":5}},"12":{"start":{"line":93,"column":27},"end":{"line":95,"column":19}},"13":{"start":{"line":94,"column":25},"end":{"line":94,"column":39}},"14":{"start":{"line":96,"column":6},"end":{"line":99,"column":9}},"15":{"start":{"line":102,"column":4},"end":{"line":102,"column":11}},"16":{"start":{"line":106,"column":0},"end":{"line":115,"column":2}}},"fnMap":{"0":{"name":"(anonymous_0)","decl":{"start":{"line":88,"column":24},"end":{"line":88,"column":25}},"loc":{"start":{"line":88,"column":36},"end":{"line":104,"column":1}},"line":88},"1":{"name":"(anonymous_1)","decl":{"start":{"line":89,"column":9},"end":{"line":89,"column":10}},"loc":{"start":{"line":89,"column":29},"end":{"line":103,"column":3}},"line":89},"2":{"name":"(anonymous_2)","decl":{"start":{"line":94,"column":13},"end":{"line":94,"column":14}},"loc":{"start":{"line":94,"column":25},"end":{"line":94,"column":39}},"line":94}},"branchMap":{"0":{"loc":{"start":{"line":92,"column":4},"end":{"line":100,"column":5}},"type":"if","locations":[{"start":{"line":92,"column":4},"end":{"line":100,"column":5}},{"start":{},"end":{}}],"line":92}},"s":{"0":3,"1":3,"2":3,"3":3,"4":3,"5":3,"6":3,"7":3,"8":3,"9":12,"10":8,"11":8,"12":0,"13":0,"14":0,"15":8,"16":3},"f":{"0":12,"1":8,"2":0},"b":{"0":[0,8]},"_coverageSchema":"1a1c01bbd47fc00a2c39e90264f33305004495a9","hash":"763b5ba6e2f308048734a170a99b6bf6301c312b"}
}
