TN:
SF:src/app.js
FN:15,(anonymous_0)
FN:19,(anonymous_1)
FNF:2
FNH:0
FNDA:0,(anonymous_0)
FNDA:0,(anonymous_1)
DA:1,1
DA:2,1
DA:3,1
DA:4,1
DA:5,1
DA:7,1
DA:9,1
DA:10,1
DA:11,1
DA:13,1
DA:15,1
DA:16,0
DA:19,1
DA:20,0
DA:21,0
DA:22,0
DA:25,1
DA:27,1
LF:18
LH:14
BRF:0
BRH:0
end_of_record
TN:
SF:src/controllers/feedbackController.js
FN:3,(anonymous_0)
FN:28,(anonymous_1)
FNF:2
FNH:2
FNDA:2,(anonymous_0)
FNDA:1,(anonymous_1)
DA:1,2
DA:3,2
DA:4,2
DA:6,2
DA:8,2
DA:18,2
DA:24,0
DA:28,2
DA:29,1
DA:30,1
DA:32,1
DA:38,0
LF:12
LH:10
BRDA:10,0,0,2
BRDA:10,0,1,1
BRDA:11,1,0,2
BRDA:11,1,1,2
BRDA:13,2,0,2
BRDA:13,2,1,1
BRDA:14,3,0,2
BRDA:14,3,1,2
BRF:8
BRH:8
end_of_record
TN:
SF:src/controllers/loyaltyController.js
FN:6,(anonymous_0)
FN:43,(anonymous_1)
FN:104,(anonymous_2)
FN:128,(anonymous_3)
FN:134,(anonymous_4)
FN:153,(anonymous_5)
FNF:6
FNH:0
FNDA:0,(anonymous_0)
FNDA:0,(anonymous_1)
FNDA:0,(anonymous_2)
FNDA:0,(anonymous_3)
FNDA:0,(anonymous_4)
FNDA:0,(anonymous_5)
DA:1,1
DA:2,1
DA:3,1
DA:4,1
DA:6,1
DA:7,0
DA:8,0
DA:18,0
DA:19,0
DA:20,0
DA:21,0
DA:24,0
DA:30,0
DA:39,0
DA:43,1
DA:44,0
DA:46,0
DA:47,0
DA:49,0
DA:50,0
DA:51,0
DA:52,0
DA:55,0
DA:56,0
DA:57,0
DA:58,0
DA:59,0
DA:62,0
DA:63,0
DA:66,0
DA:67,0
DA:70,0
DA:81,0
DA:82,0
DA:87,0
DA:89,0
DA:99,0
DA:100,0
DA:104,1
DA:105,0
DA:106,0
DA:110,0
DA:111,0
DA:112,0
DA:113,0
DA:116,0
DA:117,0
DA:127,0
DA:129,0
DA:133,0
DA:135,0
DA:139,0
DA:149,0
DA:153,1
DA:154,0
DA:156,0
DA:157,0
DA:159,0
DA:160,0
DA:161,0
DA:162,0
DA:163,0
DA:166,0
DA:167,0
DA:168,0
DA:169,0
DA:170,0
DA:173,0
DA:174,0
DA:175,0
DA:176,0
DA:177,0
DA:180,0
DA:181,0
DA:182,0
DA:183,0
DA:186,0
DA:187,0
DA:190,0
DA:191,0
DA:194,0
DA:195,0
DA:205,0
DA:211,0
DA:216,0
DA:218,0
DA:228,0
DA:229,0
LF:88
LH:8
BRDA:18,0,0,0
BRDA:18,0,1,0
BRDA:49,1,0,0
BRDA:49,1,1,0
BRDA:56,2,0,0
BRDA:56,2,1,0
BRDA:62,3,0,0
BRDA:62,3,1,0
BRDA:62,4,0,0
BRDA:62,4,1,0
BRDA:110,5,0,0
BRDA:110,5,1,0
BRDA:129,6,0,0
BRDA:129,6,1,0
BRDA:129,6,2,0
BRDA:135,7,0,0
BRDA:135,7,1,0
BRDA:135,7,2,0
BRDA:160,8,0,0
BRDA:160,8,1,0
BRDA:167,9,0,0
BRDA:167,9,1,0
BRDA:174,10,0,0
BRDA:174,10,1,0
BRDA:174,11,0,0
BRDA:174,11,1,0
BRDA:174,11,2,0
BRDA:180,12,0,0
BRDA:180,12,1,0
BRDA:180,13,0,0
BRDA:180,13,1,0
BRDA:186,14,0,0
BRDA:186,14,1,0
BRDA:194,15,0,0
BRDA:194,15,1,0
BRF:35
BRH:0
end_of_record
TN:
SF:src/controllers/preferencesController.js
FN:4,(anonymous_0)
FN:27,(anonymous_1)
FN:47,(anonymous_2)
FN:74,(anonymous_3)
FN:104,(anonymous_4)
FN:117,(anonymous_5)
FN:127,(anonymous_6)
FN:168,(anonymous_7)
FNF:8
FNH:0
FNDA:0,(anonymous_0)
FNDA:0,(anonymous_1)
FNDA:0,(anonymous_2)
FNDA:0,(anonymous_3)
FNDA:0,(anonymous_4)
FNDA:0,(anonymous_5)
FNDA:0,(anonymous_6)
FNDA:0,(anonymous_7)
DA:1,1
DA:2,1
DA:4,1
DA:5,0
DA:6,0
DA:8,0
DA:9,0
DA:12,0
DA:18,0
DA:23,0
DA:27,1
DA:28,0
DA:29,0
DA:31,0
DA:37,0
DA:43,0
DA:47,1
DA:48,0
DA:49,0
DA:51,0
DA:64,0
DA:70,0
DA:74,1
DA:75,0
DA:76,0
DA:78,0
DA:88,0
DA:89,0
DA:90,0
DA:91,0
DA:94,0
DA:100,0
DA:104,1
DA:105,0
DA:106,0
DA:111,0
DA:113,0
DA:117,0
DA:123,0
DA:127,1
DA:128,0
DA:129,0
DA:133,0
DA:134,0
DA:136,0
DA:138,0
DA:141,0
DA:148,0
DA:158,0
DA:164,0
DA:168,1
DA:169,0
DA:170,0
DA:175,0
DA:176,0
DA:185,0
DA:187,0
DA:196,0
LF:58
LH:9
BRDA:8,0,0,0
BRDA:8,0,1,0
BRDA:88,1,0,0
BRDA:88,1,1,0
BRDA:111,2,0,0
BRDA:111,2,1,0
BRDA:143,3,0,0
BRDA:143,3,1,0
BRDA:145,4,0,0
BRDA:145,4,1,0
BRDA:175,5,0,0
BRDA:175,5,1,0
BRDA:185,6,0,0
BRDA:185,6,1,0
BRDA:191,7,0,0
BRDA:191,7,1,0
BRDA:192,8,0,0
BRDA:192,8,1,0
BRF:18
BRH:0
end_of_record
TN:
SF:src/controllers/userController.js
FN:8,(anonymous_0)
FN:86,(anonymous_1)
FN:128,(anonymous_2)
FNF:3
FNH:2
FNDA:5,(anonymous_0)
FNDA:4,(anonymous_1)
FNDA:0,(anonymous_2)
DA:1,2
DA:2,2
DA:3,2
DA:4,2
DA:5,2
DA:6,2
DA:8,2
DA:9,5
DA:11,5
DA:12,5
DA:14,5
DA:15,5
DA:16,1
DA:17,1
DA:18,1
DA:21,4
DA:23,4
DA:34,4
DA:44,1
DA:52,1
DA:54,1
DA:55,1
DA:59,0
DA:62,1
DA:68,1
DA:69,1
DA:70,1
DA:72,1
DA:81,3
DA:82,3
DA:86,2
DA:87,4
DA:88,4
DA:90,4
DA:91,4
DA:92,3
DA:93,3
DA:94,3
DA:97,1
DA:98,1
DA:99,0
DA:100,0
DA:101,0
DA:104,1
DA:106,1
DA:112,1
DA:113,1
DA:115,1
DA:124,0
DA:128,2
DA:129,0
DA:130,0
DA:140,0
DA:141,0
DA:142,0
DA:143,0
DA:146,0
DA:148,0
DA:149,0
DA:151,0
DA:159,0
LF:61
LH:45
BRDA:15,0,0,1
BRDA:15,0,1,4
BRDA:91,1,0,3
BRDA:91,1,1,1
BRDA:98,2,0,0
BRDA:98,2,1,1
BRDA:140,3,0,0
BRDA:140,3,1,0
BRF:8
BRH:5
end_of_record
TN:
SF:src/middlewares/auth.js
FN:4,(anonymous_0)
FNF:1
FNH:0
FNDA:0,(anonymous_0)
DA:1,1
DA:2,1
DA:4,1
DA:5,0
DA:6,0
DA:7,0
DA:9,0
DA:10,0
DA:11,0
DA:12,0
DA:15,0
DA:18,0
DA:25,0
DA:26,0
DA:27,0
DA:28,0
DA:31,0
DA:32,0
DA:33,0
DA:35,0
DA:36,0
DA:37,0
DA:38,0
DA:39,0
DA:40,0
DA:42,0
DA:43,0
DA:45,0
DA:49,1
LF:29
LH:4
BRDA:7,0,0,0
BRDA:7,0,1,0
BRDA:9,1,0,0
BRDA:9,1,1,0
BRDA:25,2,0,0
BRDA:25,2,1,0
BRDA:35,3,0,0
BRDA:35,3,1,0
BRDA:38,4,0,0
BRDA:38,4,1,0
BRF:10
BRH:0
end_of_record
TN:
SF:src/middlewares/errorHandler.js
FN:1,(anonymous_0)
FNF:1
FNH:1
FNDA:5,(anonymous_0)
DA:1,1
DA:2,5
DA:4,5
DA:5,5
DA:7,5
DA:14,1
LF:6
LH:6
BRDA:4,0,0,5
BRDA:4,0,1,3
BRDA:5,1,0,5
BRDA:5,1,1,0
BRDA:10,2,0,0
BRDA:10,2,1,5
BRF:6
BRH:4
end_of_record
TN:
SF:src/middlewares/serviceAuth.js
FN:1,(anonymous_0)
FNF:1
FNH:1
FNDA:2,(anonymous_0)
DA:1,2
DA:2,2
DA:4,2
DA:5,1
DA:6,1
DA:8,1
DA:9,1
DA:10,1
DA:14,2
LF:9
LH:9
BRDA:4,0,0,1
BRDA:4,0,1,1
BRF:2
BRH:2
end_of_record
TN:
SF:src/models/sequelize/specialOffer.js
FNF:0
FNH:0
DA:1,1
DA:2,1
DA:4,1
DA:67,1
LF:4
LH:4
BRF:0
BRH:0
end_of_record
TN:
SF:src/routes/feedbackRoutes.js
FNF:0
FNH:0
DA:1,1
DA:2,1
DA:6,1
DA:8,1
DA:10,1
DA:16,1
DA:18,1
LF:7
LH:7
BRF:0
BRH:0
end_of_record
TN:
SF:src/routes/index.js
FNF:0
FNH:0
DA:1,1
DA:2,1
DA:3,1
DA:4,1
DA:5,1
DA:7,1
DA:9,1
DA:10,1
DA:11,1
DA:12,1
DA:14,1
LF:11
LH:11
BRF:0
BRH:0
end_of_record
TN:
SF:src/routes/loyaltyRoutes.js
FNF:0
FNH:0
DA:1,1
DA:2,1
DA:6,1
DA:7,1
DA:8,1
DA:10,1
DA:12,1
DA:13,1
DA:14,1
DA:20,1
DA:27,1
LF:11
LH:11
BRF:0
BRH:0
end_of_record
TN:
SF:src/routes/preferencesRoutes.js
FNF:0
FNH:0
DA:1,1
DA:2,1
DA:7,1
DA:8,1
DA:10,1
DA:13,1
DA:16,1
DA:17,1
DA:24,1
DA:29,1
DA:35,1
DA:36,1
DA:39,1
DA:41,1
LF:14
LH:14
BRF:0
BRH:0
end_of_record
TN:
SF:src/routes/userRoutes.js
FNF:0
FNH:0
DA:1,1
DA:2,1
DA:7,1
DA:8,1
DA:10,1
DA:13,1
DA:19,1
DA:22,1
DA:24,1
LF:9
LH:9
BRF:0
BRH:0
end_of_record
TN:
SF:src/services/orderService.js
FN:6,(anonymous_0)
FN:18,(anonymous_1)
FNF:2
FNH:0
FNDA:0,(anonymous_0)
FNDA:0,(anonymous_1)
DA:1,1
DA:4,1
DA:6,1
DA:7,0
DA:8,0
DA:11,0
DA:13,0
DA:14,0
DA:18,1
DA:20,0
DA:23,1
LF:11
LH:5
BRDA:4,0,0,1
BRDA:4,0,1,1
BRF:2
BRH:2
end_of_record
TN:
SF:src/utils/validation.js
FN:88,(anonymous_0)
FN:89,(anonymous_1)
FN:94,(anonymous_2)
FNF:3
FNH:2
FNDA:6,(anonymous_0)
FNDA:5,(anonymous_1)
FNDA:0,(anonymous_2)
DA:1,2
DA:3,2
DA:13,2
DA:18,2
DA:28,2
DA:41,2
DA:67,2
DA:71,2
DA:88,2
DA:89,6
DA:90,5
DA:92,5
DA:93,0
DA:94,0
DA:96,0
DA:102,5
DA:106,2
LF:17
LH:14
BRDA:92,0,0,0
BRDA:92,0,1,5
BRF:2
BRH:1
end_of_record
